{"name": "test_update_self_expired_subscription", "status": "failed", "statusDetails": {"message": "selene.core.exceptions.TimeoutException: Message: \n\nTimed out after 20s, while waiting for:\nbrowser.element(('css selector', \"[data-component='Checkbox'] input\")).press keys: ('\\ue00d',)\n\nReason: NoSuchElementException: Message: no such element: Unable to locate element: {\"method\":\"css selector\",\"selector\":\"[data-component='Checkbox'] input\"}\n  (Session info: chrome=120.0.6099.109); For documentation on this error, please visit: https://www.selenium.dev/documentation/webdriver/troubleshooting/errors#no-such-element-exception\nStacktrace:\n0   chromedriver                        0x0000000100dc8cc8 chromedriver + 4844744\n1   chromedriver                        0x0000000100dc0243 chromedriver + 4809283\n2   chromedriver                        0x000000010098e77d chromedriver + 411517\n3   chromedriver                        0x00000001009deee0 chromedriver + 741088\n4   chromedriver                        0x00000001009df091 chromedriver + 741521\n5   chromedriver                        0x0000000100a2aab4 chromedriver + 1051316\n6   chromedriver                        0x0000000100a08ced chromedriver + 912621\n7   chromedriver                        0x0000000100a27d42 chromedriver + 1039682\n8   chromedriver                        0x0000000100a08a63 chromedriver + 911971\n9   chromedriver                        0x00000001009d01b3 chromedriver + 680371\n10  chromedriver                        0x00000001009d17ce chromedriver + 686030\n11  chromedriver                        0x0000000100d88642 chromedriver + 4580930\n12  chromedriver                        0x0000000100d8d9cc chromedriver + 4602316\n13  chromedriver                        0x0000000100d6de11 chromedriver + 4472337\n14  chromedriver                        0x0000000100d8e746 chromedriver + 4605766\n15  chromedriver                        0x0000000100d5f39c chromedriver + 4412316\n16  chromedriver                        0x0000000100dae868 chromedriver + 4737128\n17  chromedriver                        0x0000000100daea1e chromedriver + 4737566\n18  chromedriver                        0x0000000100dbfe83 chromedriver + 4808323\n19  libsystem_pthread.dylib             0x00007ff8132701d3 _pthread_start + 125\n20  libsystem_pthread.dylib             0x00007ff81326bbd3 thread_start + 15\n\nScreenshot: file:///Users/olehlazeba/.selene/screenshots/1703165460399/1703165460406.png\nPageSource: file:///Users/olehlazeba/.selene/screenshots/1703165460399/1703165460406.html", "trace": "fn = <selene.core.wait.Command object at 0x113d171f0>\n\n    def logic(fn: Callable[[E], R]) -> R:\n        finish_time = time.time() + self._timeout\n    \n        while True:\n            try:\n>               return fn(self.entity)\n\nvenv/lib/python3.10/site-packages/selene/core/wait.py:119: \n_ _ _ _ _ _ _ _ _ _ _ _ _ _ _ _ _ _ _ _ _ _ _ _ _ _ _ _ _ _ _ _ _ _ _ _ _ _ _ _ _ _ _ _ _ _ _ _ _ _ _ _ _ _ _ _ _ _ _ _ _ _ _ _ _ _ _ _ _ _ _ _ _ _ _ _ _ _ _ _ _ _ _ _ _ _ _ _ _ _ _ _ _ _ _ _ _ _ _ _ _ _ _ _ _ _ _ _ _ _ _ _ _ _ _ _ \nvenv/lib/python3.10/site-packages/selene/core/wait.py:61: in __call__\n    return self._fn(entity)\nvenv/lib/python3.10/site-packages/selene/core/entity.py:481: in fn\n    else element()\nvenv/lib/python3.10/site-packages/selene/core/entity.py:196: in __call__\n    return self.locate()\nvenv/lib/python3.10/site-packages/selene/core/entity.py:189: in locate\n    return self._locator()\nvenv/lib/python3.10/site-packages/selene/core/locator.py:34: in __call__\n    return self._locate()\nvenv/lib/python3.10/site-packages/selene/core/entity.py:1133: in <lambda>\n    Locator(f'{self}.element({by})', lambda: self.driver.find_element(*by)),\nvenv/lib/python3.10/site-packages/selenium/webdriver/remote/webdriver.py:738: in find_element\n    return self.execute(Command.FIND_ELEMENT, {\"using\": by, \"value\": value})[\"value\"]\nvenv/lib/python3.10/site-packages/selenium/webdriver/remote/webdriver.py:344: in execute\n    self.error_handler.check_response(response)\n_ _ _ _ _ _ _ _ _ _ _ _ _ _ _ _ _ _ _ _ _ _ _ _ _ _ _ _ _ _ _ _ _ _ _ _ _ _ _ _ _ _ _ _ _ _ _ _ _ _ _ _ _ _ _ _ _ _ _ _ _ _ _ _ _ _ _ _ _ _ _ _ _ _ _ _ _ _ _ _ _ _ _ _ _ _ _ _ _ _ _ _ _ _ _ _ _ _ _ _ _ _ _ _ _ _ _ _ _ _ _ _ _ _ _ _ \n\nself = <selenium.webdriver.remote.errorhandler.ErrorHandler object at 0x113d16530>\nresponse = {'status': 404, 'value': '{\"value\":{\"error\":\"no such element\",\"message\":\"no such element: Unable to locate element: {\\...ff8132701d3 _pthread_start + 125\\\\n20  libsystem_pthread.dylib             0x00007ff81326bbd3 thread_start + 15\\\\n\"}}'}\n\n    def check_response(self, response: Dict[str, Any]) -> None:\n        \"\"\"Checks that a JSON response from the WebDriver does not have an\n        error.\n    \n        :Args:\n         - response - The JSON response from the WebDriver server as a dictionary\n           object.\n    \n        :Raises: If the response contains an error message.\n        \"\"\"\n        status = response.get(\"status\", None)\n        if not status or status == ErrorCode.SUCCESS:\n            return\n        value = None\n        message = response.get(\"message\", \"\")\n        screen: str = response.get(\"screen\", \"\")\n        stacktrace = None\n        if isinstance(status, int):\n            value_json = response.get(\"value\", None)\n            if value_json and isinstance(value_json, str):\n                import json\n    \n                try:\n                    value = json.loads(value_json)\n                    if len(value) == 1:\n                        value = value[\"value\"]\n                    status = value.get(\"error\", None)\n                    if not status:\n                        status = value.get(\"status\", ErrorCode.UNKNOWN_ERROR)\n                        message = value.get(\"value\") or value.get(\"message\")\n                        if not isinstance(message, str):\n                            value = message\n                            message = message.get(\"message\")\n                    else:\n                        message = value.get(\"message\", None)\n                except ValueError:\n                    pass\n    \n        exception_class: Type[WebDriverException]\n        e = ErrorCode()\n        error_codes = [item for item in dir(e) if not item.startswith(\"__\")]\n        for error_code in error_codes:\n            error_info = getattr(ErrorCode, error_code)\n            if isinstance(error_info, list) and status in error_info:\n                exception_class = getattr(ExceptionMapping, error_code, WebDriverException)\n                break\n        else:\n            exception_class = WebDriverException\n    \n        if not value:\n            value = response[\"value\"]\n        if isinstance(value, str):\n            raise exception_class(value)\n        if message == \"\" and \"message\" in value:\n            message = value[\"message\"]\n    \n        screen = None  # type: ignore[assignment]\n        if \"screen\" in value:\n            screen = value[\"screen\"]\n    \n        stacktrace = None\n        st_value = value.get(\"stackTrace\") or value.get(\"stacktrace\")\n        if st_value:\n            if isinstance(st_value, str):\n                stacktrace = st_value.split(\"\\n\")\n            else:\n                stacktrace = []\n                try:\n                    for frame in st_value:\n                        line = frame.get(\"lineNumber\", \"\")\n                        file = frame.get(\"fileName\", \"<anonymous>\")\n                        if line:\n                            file = f\"{file}:{line}\"\n                        meth = frame.get(\"methodName\", \"<anonymous>\")\n                        if \"className\" in frame:\n                            meth = f\"{frame['className']}.{meth}\"\n                        msg = \"    at %s (%s)\"\n                        msg = msg % (meth, file)\n                        stacktrace.append(msg)\n                except TypeError:\n                    pass\n        if exception_class == UnexpectedAlertPresentException:\n            alert_text = None\n            if \"data\" in value:\n                alert_text = value[\"data\"].get(\"text\")\n            elif \"alert\" in value:\n                alert_text = value[\"alert\"].get(\"text\")\n            raise exception_class(message, screen, stacktrace, alert_text)  # type: ignore[call-arg]  # mypy is not smart enough here\n>       raise exception_class(message, screen, stacktrace)\nE       selenium.common.exceptions.NoSuchElementException: Message: no such element: Unable to locate element: {\"method\":\"css selector\",\"selector\":\"[data-component='Checkbox'] input\"}\nE         (Session info: chrome=120.0.6099.109); For documentation on this error, please visit: https://www.selenium.dev/documentation/webdriver/troubleshooting/errors#no-such-element-exception\nE       Stacktrace:\nE       0   chromedriver                        0x0000000100dc8cc8 chromedriver + 4844744\nE       1   chromedriver                        0x0000000100dc0243 chromedriver + 4809283\nE       2   chromedriver                        0x000000010098e77d chromedriver + 411517\nE       3   chromedriver                        0x00000001009deee0 chromedriver + 741088\nE       4   chromedriver                        0x00000001009df091 chromedriver + 741521\nE       5   chromedriver                        0x0000000100a2aab4 chromedriver + 1051316\nE       6   chromedriver                        0x0000000100a08ced chromedriver + 912621\nE       7   chromedriver                        0x0000000100a27d42 chromedriver + 1039682\nE       8   chromedriver                        0x0000000100a08a63 chromedriver + 911971\nE       9   chromedriver                        0x00000001009d01b3 chromedriver + 680371\nE       10  chromedriver                        0x00000001009d17ce chromedriver + 686030\nE       11  chromedriver                        0x0000000100d88642 chromedriver + 4580930\nE       12  chromedriver                        0x0000000100d8d9cc chromedriver + 4602316\nE       13  chromedriver                        0x0000000100d6de11 chromedriver + 4472337\nE       14  chromedriver                        0x0000000100d8e746 chromedriver + 4605766\nE       15  chromedriver                        0x0000000100d5f39c chromedriver + 4412316\nE       16  chromedriver                        0x0000000100dae868 chromedriver + 4737128\nE       17  chromedriver                        0x0000000100daea1e chromedriver + 4737566\nE       18  chromedriver                        0x0000000100dbfe83 chromedriver + 4808323\nE       19  libsystem_pthread.dylib             0x00007ff8132701d3 _pthread_start + 125\nE       20  libsystem_pthread.dylib             0x00007ff81326bbd3 thread_start + 15\n\nvenv/lib/python3.10/site-packages/selenium/webdriver/remote/errorhandler.py:229: NoSuchElementException\n\nDuring handling of the above exception, another exception occurred:\n\nuser_type = 'expired'\nuser = User(personal_number='1013051097', labor_office_id='25', sequence_number='1769868', office_id=None, establishment_name...tablishment_number=None, occupation=None, name=None, user_id=2213978, unified_number_id=1849511, establishment_id=None)\n\n    @allure.step(\"Test renew expired subscription\")\n    @case_id(41781, 41800, 43159)\n    def test_update_self_expired_subscription(user_type=\"expired\", user=owner_with_expired_subscription):\n        expire_user_subscription(user)\n        user_management = UserManagementActions()\n        log_in_and_open_establishment_account(user, Language.EN)\n    \n        user_management\\\n            .possibility_switch_to_establishment_page(user_type)\\\n            .check_establishment_user_details()\\\n>           .check_renew_subscription()\\\n            .make_establishment_payment()\\\n            .check_thank_you_page(user_type)\\\n            .check_db_subscription_date(user)\n\ntests/ui/user_management/test_user_management.py:315: \n_ _ _ _ _ _ _ _ _ _ _ _ _ _ _ _ _ _ _ _ _ _ _ _ _ _ _ _ _ _ _ _ _ _ _ _ _ _ _ _ _ _ _ _ _ _ _ _ _ _ _ _ _ _ _ _ _ _ _ _ _ _ _ _ _ _ _ _ _ _ _ _ _ _ _ _ _ _ _ _ _ _ _ _ _ _ _ _ _ _ _ _ _ _ _ _ _ _ _ _ _ _ _ _ _ _ _ _ _ _ _ _ _ _ _ _ \nsrc/ui/actions/user_management_actions/user_management.py:447: in check_renew_subscription\n    self.check_checkbox_read_accept()\nsrc/ui/pages/user_management_pages/base_establishment_payment_page.py:39: in check_checkbox_read_accept\n    self.checkbox_read_accept.press(Keys.SPACE)\nvenv/lib/python3.10/site-packages/selene/core/entity.py:485: in press\n    self.wait.command(f'press keys: {keys}', fn)\nvenv/lib/python3.10/site-packages/selene/core/wait.py:154: in command\n    self.for_(Command(description, fn))\nvenv/lib/python3.10/site-packages/selene/core/wait.py:143: in for_\n    return self._decorator(self)(logic)(fn)\nvenv/lib/python3.10/site-packages/selene/support/_logging.py:105: in decorated\n    return for_(fn)\n_ _ _ _ _ _ _ _ _ _ _ _ _ _ _ _ _ _ _ _ _ _ _ _ _ _ _ _ _ _ _ _ _ _ _ _ _ _ _ _ _ _ _ _ _ _ _ _ _ _ _ _ _ _ _ _ _ _ _ _ _ _ _ _ _ _ _ _ _ _ _ _ _ _ _ _ _ _ _ _ _ _ _ _ _ _ _ _ _ _ _ _ _ _ _ _ _ _ _ _ _ _ _ _ _ _ _ _ _ _ _ _ _ _ _ _ \n\nfn = <selene.core.wait.Command object at 0x113d171f0>\n\n    def logic(fn: Callable[[E], R]) -> R:\n        finish_time = time.time() + self._timeout\n    \n        while True:\n            try:\n                return fn(self.entity)\n            except Exception as reason:\n                if time.time() > finish_time:\n                    reason_message = str(reason)\n    \n                    reason_string = '{name}: {message}'.format(\n                        name=reason.__class__.__name__,\n                        message=reason_message,\n                    )\n                    # TODO: think on how can we improve logging failures in selene, e.g. reverse msg and stacktrace\n                    # stacktrace = getattr(reason, 'stacktrace', None)\n                    timeout = self._timeout\n                    entity = self.entity\n    \n                    failure = TimeoutException(\n                        f'\\n'\n                        f'\\nTimed out after {timeout}s, while waiting for:'\n                        f'\\n{entity}.{fn}'\n                        f'\\n'\n                        f'\\nReason: {reason_string}'\n                    )\n    \n>                   raise self._hook_failure(failure)\nE                   selene.core.exceptions.TimeoutException: Message: \nE                   \nE                   Timed out after 20s, while waiting for:\nE                   browser.element(('css selector', \"[data-component='Checkbox'] input\")).press keys: ('\\ue00d',)\nE                   \nE                   Reason: NoSuchElementException: Message: no such element: Unable to locate element: {\"method\":\"css selector\",\"selector\":\"[data-component='Checkbox'] input\"}\nE                     (Session info: chrome=120.0.6099.109); For documentation on this error, please visit: https://www.selenium.dev/documentation/webdriver/troubleshooting/errors#no-such-element-exception\nE                   Stacktrace:\nE                   0   chromedriver                        0x0000000100dc8cc8 chromedriver + 4844744\nE                   1   chromedriver                        0x0000000100dc0243 chromedriver + 4809283\nE                   2   chromedriver                        0x000000010098e77d chromedriver + 411517\nE                   3   chromedriver                        0x00000001009deee0 chromedriver + 741088\nE                   4   chromedriver                        0x00000001009df091 chromedriver + 741521\nE                   5   chromedriver                        0x0000000100a2aab4 chromedriver + 1051316\nE                   6   chromedriver                        0x0000000100a08ced chromedriver + 912621\nE                   7   chromedriver                        0x0000000100a27d42 chromedriver + 1039682\nE                   8   chromedriver                        0x0000000100a08a63 chromedriver + 911971\nE                   9   chromedriver                        0x00000001009d01b3 chromedriver + 680371\nE                   10  chromedriver                        0x00000001009d17ce chromedriver + 686030\nE                   11  chromedriver                        0x0000000100d88642 chromedriver + 4580930\nE                   12  chromedriver                        0x0000000100d8d9cc chromedriver + 4602316\nE                   13  chromedriver                        0x0000000100d6de11 chromedriver + 4472337\nE                   14  chromedriver                        0x0000000100d8e746 chromedriver + 4605766\nE                   15  chromedriver                        0x0000000100d5f39c chromedriver + 4412316\nE                   16  chromedriver                        0x0000000100dae868 chromedriver + 4737128\nE                   17  chromedriver                        0x0000000100daea1e chromedriver + 4737566\nE                   18  chromedriver                        0x0000000100dbfe83 chromedriver + 4808323\nE                   19  libsystem_pthread.dylib             0x00007ff8132701d3 _pthread_start + 125\nE                   20  libsystem_pthread.dylib             0x00007ff81326bbd3 thread_start + 15\nE                   \nE                   Screenshot: file:///Users/olehlazeba/.selene/screenshots/1703165460399/1703165460406.png\nE                   PageSource: file:///Users/olehlazeba/.selene/screenshots/1703165460399/1703165460406.html\n\nvenv/lib/python3.10/site-packages/selene/core/wait.py:141: TimeoutException"}, "steps": [{"name": "Test renew expired subscription", "status": "failed", "statusDetails": {"message": "selene.core.exceptions.TimeoutException: Message: \n\nTimed out after 20s, while waiting for:\nbrowser.element(('css selector', \"[data-component='Checkbox'] input\")).press keys: ('\\ue00d',)\n\nReason: NoSuchElementException: Message: no such element: Unable to locate element: {\"method\":\"css selector\",\"selector\":\"[data-component='Checkbox'] input\"}\n  (Session info: chrome=120.0.6099.109); For documentation on this error, please visit: https://www.selenium.dev/documentation/webdriver/troubleshooting/errors#no-such-element-exception\nStacktrace:\n0   chromedriver                        0x0000000100dc8cc8 chromedriver + 4844744\n1   chromedriver                        0x0000000100dc0243 chromedriver + 4809283\n2   chromedriver                        0x000000010098e77d chromedriver + 411517\n3   chromedriver                        0x00000001009deee0 chromedriver + 741088\n4   chromedriver                        0x00000001009df091 chromedriver + 741521\n5   chromedriver                        0x0000000100a2aab4 chromedriver + 1051316\n6   chromedriver                        0x0000000100a08ced chromedriver + 912621\n7   chromedriver                        0x0000000100a27d42 chromedriver + 1039682\n8   chromedriver                        0x0000000100a08a63 chromedriver + 911971\n9   chromedriver                        0x00000001009d01b3 chromedriver + 680371\n10  chromedriver                        0x00000001009d17ce chromedriver + 686030\n11  chromedriver                        0x0000000100d88642 chromedriver + 4580930\n12  chromedriver                        0x0000000100d8d9cc chromedriver + 4602316\n13  chromedriver                        0x0000000100d6de11 chromedriver + 4472337\n14  chromedriver                        0x0000000100d8e746 chromedriver + 4605766\n15  chromedriver                        0x0000000100d5f39c chromedriver + 4412316\n16  chromedriver                        0x0000000100dae868 chromedriver + 4737128\n17  chromedriver                        0x0000000100daea1e chromedriver + 4737566\n18  chromedriver                        0x0000000100dbfe83 chromedriver + 4808323\n19  libsystem_pthread.dylib             0x00007ff8132701d3 _pthread_start + 125\n20  libsystem_pthread.dylib             0x00007ff81326bbd3 thread_start + 15\n\nScreenshot: file:///Users/olehlazeba/.selene/screenshots/1703165460399/1703165460406.png\nPageSource: file:///Users/olehlazeba/.selene/screenshots/1703165460399/1703165460406.html\n\n", "trace": "  File \"/Users/olehlazeba/PycharmProjects/qiwa-automation/venv/lib/python3.10/site-packages/allure_commons/_allure.py\", line 192, in impl\n    return func(*a, **kw)\n  File \"/Users/olehlazeba/PycharmProjects/qiwa-automation/utils/allure.py\", line 37, in wrapper\n    return func(*args, **kwargs)\n  File \"/Users/olehlazeba/PycharmProjects/qiwa-automation/tests/ui/user_management/test_user_management.py\", line 315, in test_update_self_expired_subscription\n    .check_renew_subscription()\\\n  File \"/Users/olehlazeba/PycharmProjects/qiwa-automation/venv/lib/python3.10/site-packages/allure_commons/_allure.py\", line 192, in impl\n    return func(*a, **kw)\n  File \"/Users/olehlazeba/PycharmProjects/qiwa-automation/src/ui/actions/user_management_actions/user_management.py\", line 447, in check_renew_subscription\n    self.check_checkbox_read_accept()\n  File \"/Users/olehlazeba/PycharmProjects/qiwa-automation/venv/lib/python3.10/site-packages/allure_commons/_allure.py\", line 192, in impl\n    return func(*a, **kw)\n  File \"/Users/olehlazeba/PycharmProjects/qiwa-automation/src/ui/pages/user_management_pages/base_establishment_payment_page.py\", line 39, in check_checkbox_read_accept\n    self.checkbox_read_accept.press(Keys.SPACE)\n  File \"/Users/olehlazeba/PycharmProjects/qiwa-automation/venv/lib/python3.10/site-packages/selene/core/entity.py\", line 485, in press\n    self.wait.command(f'press keys: {keys}', fn)\n  File \"/Users/olehlazeba/PycharmProjects/qiwa-automation/venv/lib/python3.10/site-packages/selene/core/wait.py\", line 154, in command\n    self.for_(Command(description, fn))\n  File \"/Users/olehlazeba/PycharmProjects/qiwa-automation/venv/lib/python3.10/site-packages/selene/core/wait.py\", line 143, in for_\n    return self._decorator(self)(logic)(fn)\n  File \"/Users/olehlazeba/PycharmProjects/qiwa-automation/venv/lib/python3.10/site-packages/selene/support/_logging.py\", line 105, in decorated\n    return for_(fn)\n  File \"/Users/olehlazeba/PycharmProjects/qiwa-automation/venv/lib/python3.10/site-packages/selene/core/wait.py\", line 141, in logic\n    raise self._hook_failure(failure)\n"}, "steps": [{"name": "Expiry user subscription", "status": "passed", "steps": [{"name": "[200] POST /api/private/trigger-expire-job", "status": "passed", "start": 1703166156098, "stop": 1703166156098}], "parameters": [{"name": "personal_number", "value": "'1013051097'"}, {"name": "unified_number", "value": "1849511"}, {"name": "expiry_date", "value": "'2023-11-18 00:00:00.000'"}], "start": 1703166149947, "stop": 1703166156099}, {"name": "login_as_user", "status": "passed", "steps": [{"name": "Login '1013051097' via Laborer SSO API", "status": "passed", "steps": [{"name": "[200] POST /oauth/init", "status": "passed", "attachments": [{"name": "JSON Request body", "source": "effacb58-565a-4f74-aea1-f05b0a294b5e-attachment.json", "type": "application/json"}, {"name": "JSON Response body", "source": "46b1748a-75d1-4315-827c-c261cd7d97a5-attachment.json", "type": "application/json"}], "start": 1703166156711, "stop": 1703166156714}, {"name": "Assert that status_code equals 200", "status": "passed", "start": 1703166156715, "stop": 1703166156715}, {"name": "login", "status": "passed", "steps": [{"name": "[200] POST /session/login", "status": "passed", "attachments": [{"name": "JSON Request body", "source": "7dc0de01-ce99-4148-87fe-397628873d39-attachment.json", "type": "application/json"}, {"name": "JSON Response body", "source": "f9ed0ab6-7940-4709-ba9d-540c8b038206-attachment.json", "type": "application/json"}], "start": 1703166157830, "stop": 1703166157832}, {"name": "Assert that status_code equals 200", "status": "passed", "start": 1703166157832, "stop": 1703166157832}], "parameters": [{"name": "login", "value": "'1013051097'"}, {"name": "password", "value": "'123456789aA@'"}, {"name": "expected_code", "value": "200"}], "start": 1703166156715, "stop": 1703166157832}, {"name": "login_with_otp", "status": "passed", "steps": [{"name": "[200] POST /session/login-with-otp", "status": "passed", "attachments": [{"name": "JSON Request body", "source": "2870b9f8-d851-479d-92ac-50319a7089ff-attachment.json", "type": "application/json"}, {"name": "JSON Response body", "source": "9479137f-bf94-4776-9691-d3528c29765a-attachment.json", "type": "application/json"}], "start": 1703166158306, "stop": 1703166158308}, {"name": "Assert that status_code equals 200", "status": "passed", "start": 1703166158309, "stop": 1703166158309}], "parameters": [{"name": "otp_code", "value": "'0000'"}, {"name": "expected_code", "value": "200"}], "start": 1703166157832, "stop": 1703166158309}, {"name": "[302] POST /authorize?client_id=qiwa&redirect_uri=https%3A%2F%2Fauth.qiwa.info%2Foauth%2Fcallback&response_type=code&scope=openid+email+phone+profile&code_challenge_method=S256&state=rit--CE1ofgLonXnE1zASPcW63aYCDJvWmllRe3pTn4&code_challenge=kYy66LFLC9suoMDX_JfIgYg8L0NROgRDZ8UzRk0E_DY", "status": "passed", "start": 1703166158517, "stop": 1703166158517}, {"name": "Assert that status_code equals 302", "status": "passed", "start": 1703166158523, "stop": 1703166158523}, {"name": "[200] POST /oauth/callback", "status": "passed", "attachments": [{"name": "JSON Request body", "source": "57c80329-69e8-4084-89f7-f3c83efce782-attachment.json", "type": "application/json"}, {"name": "JSON Response body", "source": "4f1687ab-61ad-4fa2-be31-00cd5ff713ac-attachment.json", "type": "application/json"}], "start": 1703166159725, "stop": 1703166159727}, {"name": "Assert that status_code equals 200", "status": "passed", "start": 1703166159728, "stop": 1703166159728}], "parameters": [{"name": "personal_number", "value": "'1013051097'"}, {"name": "password", "value": "'123456789aA@'"}], "start": 1703166156101, "stop": 1703166159728}], "parameters": [{"name": "personal_number", "value": "'1013051097'"}, {"name": "password", "value": "'123456789aA@'"}], "start": 1703166156100, "stop": 1703166159728}, {"name": "[200] GET /context", "status": "passed", "attachments": [{"name": "JSON Response body", "source": "ee172754-a984-46ea-9cde-274862f6a800-attachment.json", "type": "application/json"}], "start": 1703166159877, "stop": 1703166159878}, {"name": "Assert that status_code equals 200", "status": "passed", "start": 1703166159879, "stop": 1703166159879}, {"name": "change_local", "status": "passed", "steps": [{"name": "change_local", "status": "passed", "steps": [{"name": "element('xpath', '//*[@data-component=\"Navigation\"]//p[contains(text(), \"AR\") or contains(text(), \"EN\") or contains(text(), \"Ø¹\")]'): click", "status": "passed", "start": 1703166160801, "stop": 1703166163055}, {"name": "element('xpath', '//p[contains(text(), \"English (EN)\")]'): click", "status": "passed", "start": 1703166163056, "stop": 1703166163147}], "parameters": [{"name": "language", "value": "'en'"}], "start": 1703166160801, "stop": 1703166163147}], "parameters": [{"name": "a", "value": "(<src.ui.components.header.Header object at 0x113a29cc0>, 'en')"}], "start": 1703166160801, "stop": 1703166163147}, {"name": "possibility_switch_to_establishment_page", "status": "passed", "steps": [{"name": "click_btn_subscribe", "status": "passed", "steps": [{"name": "all('xpath', \"//*[@id='tabpanel-:r0:-0']//button//a\")[0]: click", "status": "passed", "start": 1703166163150, "stop": 1703166163293}], "parameters": [{"name": "user_type", "value": "'expired'"}, {"name": "number", "value": "None"}], "start": 1703166163149, "stop": 1703166163293}], "parameters": [{"name": "user_type", "value": "'expired'"}], "start": 1703166163149, "stop": 1703166163293}, {"name": "check_establishment_user_details", "status": "passed", "steps": [{"name": "element('xpath', \"//p[contains(text(), 'Establishment and user details')]\"): should be visible", "status": "passed", "start": 1703166163293, "stop": 1703166174695}, {"name": "click_btn_proceed_subscription", "status": "passed", "steps": [{"name": "all('xpath', \"//button//p[contains(text(), 'Proceed with subscription')]\")[0]: should be visible", "status": "passed", "start": 1703166174696, "stop": 1703166174712}, {"name": "all('xpath', \"//button//p[contains(text(), 'Proceed with subscription')]\")[0]: click", "status": "passed", "start": 1703166174712, "stop": 1703166175816}], "parameters": [{"name": "number", "value": "None"}], "start": 1703166174696, "stop": 1703166175816}], "start": 1703166163293, "stop": 1703166175817}, {"name": "check_renew_subscription", "status": "failed", "statusDetails": {"message": "selene.core.exceptions.TimeoutException: Message: \n\nTimed out after 20s, while waiting for:\nbrowser.element(('css selector', \"[data-component='Checkbox'] input\")).press keys: ('\\ue00d',)\n\nReason: NoSuchElementException: Message: no such element: Unable to locate element: {\"method\":\"css selector\",\"selector\":\"[data-component='Checkbox'] input\"}\n  (Session info: chrome=120.0.6099.109); For documentation on this error, please visit: https://www.selenium.dev/documentation/webdriver/troubleshooting/errors#no-such-element-exception\nStacktrace:\n0   chromedriver                        0x0000000100dc8cc8 chromedriver + 4844744\n1   chromedriver                        0x0000000100dc0243 chromedriver + 4809283\n2   chromedriver                        0x000000010098e77d chromedriver + 411517\n3   chromedriver                        0x00000001009deee0 chromedriver + 741088\n4   chromedriver                        0x00000001009df091 chromedriver + 741521\n5   chromedriver                        0x0000000100a2aab4 chromedriver + 1051316\n6   chromedriver                        0x0000000100a08ced chromedriver + 912621\n7   chromedriver                        0x0000000100a27d42 chromedriver + 1039682\n8   chromedriver                        0x0000000100a08a63 chromedriver + 911971\n9   chromedriver                        0x00000001009d01b3 chromedriver + 680371\n10  chromedriver                        0x00000001009d17ce chromedriver + 686030\n11  chromedriver                        0x0000000100d88642 chromedriver + 4580930\n12  chromedriver                        0x0000000100d8d9cc chromedriver + 4602316\n13  chromedriver                        0x0000000100d6de11 chromedriver + 4472337\n14  chromedriver                        0x0000000100d8e746 chromedriver + 4605766\n15  chromedriver                        0x0000000100d5f39c chromedriver + 4412316\n16  chromedriver                        0x0000000100dae868 chromedriver + 4737128\n17  chromedriver                        0x0000000100daea1e chromedriver + 4737566\n18  chromedriver                        0x0000000100dbfe83 chromedriver + 4808323\n19  libsystem_pthread.dylib             0x00007ff8132701d3 _pthread_start + 125\n20  libsystem_pthread.dylib             0x00007ff81326bbd3 thread_start + 15\n\nScreenshot: file:///Users/olehlazeba/.selene/screenshots/1703165460399/1703165460406.png\nPageSource: file:///Users/olehlazeba/.selene/screenshots/1703165460399/1703165460406.html\n\n", "trace": "  File \"/Users/olehlazeba/PycharmProjects/qiwa-automation/venv/lib/python3.10/site-packages/allure_commons/_allure.py\", line 192, in impl\n    return func(*a, **kw)\n  File \"/Users/olehlazeba/PycharmProjects/qiwa-automation/src/ui/actions/user_management_actions/user_management.py\", line 447, in check_renew_subscription\n    self.check_checkbox_read_accept()\n  File \"/Users/olehlazeba/PycharmProjects/qiwa-automation/venv/lib/python3.10/site-packages/allure_commons/_allure.py\", line 192, in impl\n    return func(*a, **kw)\n  File \"/Users/olehlazeba/PycharmProjects/qiwa-automation/src/ui/pages/user_management_pages/base_establishment_payment_page.py\", line 39, in check_checkbox_read_accept\n    self.checkbox_read_accept.press(Keys.SPACE)\n  File \"/Users/olehlazeba/PycharmProjects/qiwa-automation/venv/lib/python3.10/site-packages/selene/core/entity.py\", line 485, in press\n    self.wait.command(f'press keys: {keys}', fn)\n  File \"/Users/olehlazeba/PycharmProjects/qiwa-automation/venv/lib/python3.10/site-packages/selene/core/wait.py\", line 154, in command\n    self.for_(Command(description, fn))\n  File \"/Users/olehlazeba/PycharmProjects/qiwa-automation/venv/lib/python3.10/site-packages/selene/core/wait.py\", line 143, in for_\n    return self._decorator(self)(logic)(fn)\n  File \"/Users/olehlazeba/PycharmProjects/qiwa-automation/venv/lib/python3.10/site-packages/selene/support/_logging.py\", line 105, in decorated\n    return for_(fn)\n  File \"/Users/olehlazeba/PycharmProjects/qiwa-automation/venv/lib/python3.10/site-packages/selene/core/wait.py\", line 141, in logic\n    raise self._hook_failure(failure)\n"}, "steps": [{"name": "element('xpath', \"//p[contains(text(), 'Renew your expired subscription')]\"): should be visible", "status": "failed", "statusDetails": {"message": "selene.core.exceptions.TimeoutException: Message: \n\nTimed out after 20s, while waiting for:\nbrowser.element(('xpath', \"//p[contains(text(), 'Renew your expired subscription')]\")).is visible\n\nReason: NoSuchElementException: Message: no such element: Unable to locate element: {\"method\":\"xpath\",\"selector\":\"//p[contains(text(), 'Renew your expired subscription')]\"}\n  (Session info: chrome=120.0.6099.109); For documentation on this error, please visit: https://www.selenium.dev/documentation/webdriver/troubleshooting/errors#no-such-element-exception\nStacktrace:\n0   chromedriver                        0x0000000100dc8cc8 chromedriver + 4844744\n1   chromedriver                        0x0000000100dc0243 chromedriver + 4809283\n2   chromedriver                        0x000000010098e77d chromedriver + 411517\n3   chromedriver                        0x00000001009deee0 chromedriver + 741088\n4   chromedriver                        0x00000001009df091 chromedriver + 741521\n5   chromedriver                        0x0000000100a2aab4 chromedriver + 1051316\n6   chromedriver                        0x0000000100a08ced chromedriver + 912621\n7   chromedriver                        0x0000000100a27d42 chromedriver + 1039682\n8   chromedriver                        0x0000000100a08a63 chromedriver + 911971\n9   chromedriver                        0x00000001009d01b3 chromedriver + 680371\n10  chromedriver                        0x00000001009d17ce chromedriver + 686030\n11  chromedriver                        0x0000000100d88642 chromedriver + 4580930\n12  chromedriver                        0x0000000100d8d9cc chromedriver + 4602316\n13  chromedriver                        0x0000000100d6de11 chromedriver + 4472337\n14  chromedriver                        0x0000000100d8e746 chromedriver + 4605766\n15  chromedriver                        0x0000000100d5f39c chromedriver + 4412316\n16  chromedriver                        0x0000000100dae868 chromedriver + 4737128\n17  chromedriver                        0x0000000100daea1e chromedriver + 4737566\n18  chromedriver                        0x0000000100dbfe83 chromedriver + 4808323\n19  libsystem_pthread.dylib             0x00007ff8132701d3 _pthread_start + 125\n20  libsystem_pthread.dylib             0x00007ff81326bbd3 thread_start + 15\n\nScreenshot: file:///Users/olehlazeba/.selene/screenshots/1703165460399/1703165460405.png\nPageSource: file:///Users/olehlazeba/.selene/screenshots/1703165460399/1703165460405.html\n\n", "trace": "  File \"/Users/olehlazeba/PycharmProjects/qiwa-automation/venv/lib/python3.10/site-packages/selene/support/_logging.py\", line 105, in decorated\n    return for_(fn)\n  File \"/Users/olehlazeba/PycharmProjects/qiwa-automation/venv/lib/python3.10/site-packages/selene/core/wait.py\", line 141, in logic\n    raise self._hook_failure(failure)\n"}, "start": 1703166175817, "stop": 1703166196198}, {"name": "check_checkbox_read_accept", "status": "failed", "statusDetails": {"message": "selene.core.exceptions.TimeoutException: Message: \n\nTimed out after 20s, while waiting for:\nbrowser.element(('css selector', \"[data-component='Checkbox'] input\")).press keys: ('\\ue00d',)\n\nReason: NoSuchElementException: Message: no such element: Unable to locate element: {\"method\":\"css selector\",\"selector\":\"[data-component='Checkbox'] input\"}\n  (Session info: chrome=120.0.6099.109); For documentation on this error, please visit: https://www.selenium.dev/documentation/webdriver/troubleshooting/errors#no-such-element-exception\nStacktrace:\n0   chromedriver                        0x0000000100dc8cc8 chromedriver + 4844744\n1   chromedriver                        0x0000000100dc0243 chromedriver + 4809283\n2   chromedriver                        0x000000010098e77d chromedriver + 411517\n3   chromedriver                        0x00000001009deee0 chromedriver + 741088\n4   chromedriver                        0x00000001009df091 chromedriver + 741521\n5   chromedriver                        0x0000000100a2aab4 chromedriver + 1051316\n6   chromedriver                        0x0000000100a08ced chromedriver + 912621\n7   chromedriver                        0x0000000100a27d42 chromedriver + 1039682\n8   chromedriver                        0x0000000100a08a63 chromedriver + 911971\n9   chromedriver                        0x00000001009d01b3 chromedriver + 680371\n10  chromedriver                        0x00000001009d17ce chromedriver + 686030\n11  chromedriver                        0x0000000100d88642 chromedriver + 4580930\n12  chromedriver                        0x0000000100d8d9cc chromedriver + 4602316\n13  chromedriver                        0x0000000100d6de11 chromedriver + 4472337\n14  chromedriver                        0x0000000100d8e746 chromedriver + 4605766\n15  chromedriver                        0x0000000100d5f39c chromedriver + 4412316\n16  chromedriver                        0x0000000100dae868 chromedriver + 4737128\n17  chromedriver                        0x0000000100daea1e chromedriver + 4737566\n18  chromedriver                        0x0000000100dbfe83 chromedriver + 4808323\n19  libsystem_pthread.dylib             0x00007ff8132701d3 _pthread_start + 125\n20  libsystem_pthread.dylib             0x00007ff81326bbd3 thread_start + 15\n\nScreenshot: file:///Users/olehlazeba/.selene/screenshots/1703165460399/1703165460406.png\nPageSource: file:///Users/olehlazeba/.selene/screenshots/1703165460399/1703165460406.html\n\n", "trace": "  File \"/Users/olehlazeba/PycharmProjects/qiwa-automation/venv/lib/python3.10/site-packages/allure_commons/_allure.py\", line 192, in impl\n    return func(*a, **kw)\n  File \"/Users/olehlazeba/PycharmProjects/qiwa-automation/src/ui/pages/user_management_pages/base_establishment_payment_page.py\", line 39, in check_checkbox_read_accept\n    self.checkbox_read_accept.press(Keys.SPACE)\n  File \"/Users/olehlazeba/PycharmProjects/qiwa-automation/venv/lib/python3.10/site-packages/selene/core/entity.py\", line 485, in press\n    self.wait.command(f'press keys: {keys}', fn)\n  File \"/Users/olehlazeba/PycharmProjects/qiwa-automation/venv/lib/python3.10/site-packages/selene/core/wait.py\", line 154, in command\n    self.for_(Command(description, fn))\n  File \"/Users/olehlazeba/PycharmProjects/qiwa-automation/venv/lib/python3.10/site-packages/selene/core/wait.py\", line 143, in for_\n    return self._decorator(self)(logic)(fn)\n  File \"/Users/olehlazeba/PycharmProjects/qiwa-automation/venv/lib/python3.10/site-packages/selene/support/_logging.py\", line 105, in decorated\n    return for_(fn)\n  File \"/Users/olehlazeba/PycharmProjects/qiwa-automation/venv/lib/python3.10/site-packages/selene/core/wait.py\", line 141, in logic\n    raise self._hook_failure(failure)\n"}, "steps": [{"name": "element(\"[data-component='Checkbox'] input\"): press keys: SPACE", "status": "failed", "statusDetails": {"message": "selene.core.exceptions.TimeoutException: Message: \n\nTimed out after 20s, while waiting for:\nbrowser.element(('css selector', \"[data-component='Checkbox'] input\")).press keys: ('\\ue00d',)\n\nReason: NoSuchElementException: Message: no such element: Unable to locate element: {\"method\":\"css selector\",\"selector\":\"[data-component='Checkbox'] input\"}\n  (Session info: chrome=120.0.6099.109); For documentation on this error, please visit: https://www.selenium.dev/documentation/webdriver/troubleshooting/errors#no-such-element-exception\nStacktrace:\n0   chromedriver                        0x0000000100dc8cc8 chromedriver + 4844744\n1   chromedriver                        0x0000000100dc0243 chromedriver + 4809283\n2   chromedriver                        0x000000010098e77d chromedriver + 411517\n3   chromedriver                        0x00000001009deee0 chromedriver + 741088\n4   chromedriver                        0x00000001009df091 chromedriver + 741521\n5   chromedriver                        0x0000000100a2aab4 chromedriver + 1051316\n6   chromedriver                        0x0000000100a08ced chromedriver + 912621\n7   chromedriver                        0x0000000100a27d42 chromedriver + 1039682\n8   chromedriver                        0x0000000100a08a63 chromedriver + 911971\n9   chromedriver                        0x00000001009d01b3 chromedriver + 680371\n10  chromedriver                        0x00000001009d17ce chromedriver + 686030\n11  chromedriver                        0x0000000100d88642 chromedriver + 4580930\n12  chromedriver                        0x0000000100d8d9cc chromedriver + 4602316\n13  chromedriver                        0x0000000100d6de11 chromedriver + 4472337\n14  chromedriver                        0x0000000100d8e746 chromedriver + 4605766\n15  chromedriver                        0x0000000100d5f39c chromedriver + 4412316\n16  chromedriver                        0x0000000100dae868 chromedriver + 4737128\n17  chromedriver                        0x0000000100daea1e chromedriver + 4737566\n18  chromedriver                        0x0000000100dbfe83 chromedriver + 4808323\n19  libsystem_pthread.dylib             0x00007ff8132701d3 _pthread_start + 125\n20  libsystem_pthread.dylib             0x00007ff81326bbd3 thread_start + 15\n\nScreenshot: file:///Users/olehlazeba/.selene/screenshots/1703165460399/1703165460406.png\nPageSource: file:///Users/olehlazeba/.selene/screenshots/1703165460399/1703165460406.html\n\n", "trace": "  File \"/Users/olehlazeba/PycharmProjects/qiwa-automation/venv/lib/python3.10/site-packages/selene/support/_logging.py\", line 105, in decorated\n    return for_(fn)\n  File \"/Users/olehlazeba/PycharmProjects/qiwa-automation/venv/lib/python3.10/site-packages/selene/core/wait.py\", line 141, in logic\n    raise self._hook_failure(failure)\n"}, "start": 1703166196199, "stop": 1703166216548}], "start": 1703166196198, "stop": 1703166216548}], "start": 1703166175817, "stop": 1703166216549}], "start": 1703166149944, "stop": 1703166216549}], "attachments": [{"name": "2023-12-21 15:43:36.625361.png", "source": "7ed65c12-a319-4277-8d6b-d0d25ded4279-attachment.png", "type": "image/png"}], "start": 1703166149944, "stop": 1703166216551, "uuid": "308e817f-f47f-483a-9fc7-2aae833e95f8", "historyId": "76485d43e7a254241c157d6d67e08b57", "testCaseId": "76485d43e7a254241c157d6d67e08b57", "fullName": "tests.ui.user_management.test_user_management#test_update_self_expired_subscription", "labels": [{"name": "parentSuite", "value": "tests.ui.user_management"}, {"name": "suite", "value": "test_user_management"}, {"name": "host", "value": "Macbook-Pro-Flora.local"}, {"name": "thread", "value": "54235-MainThread"}, {"name": "framework", "value": "pytest"}, {"name": "language", "value": "cpython3"}, {"name": "package", "value": "tests.ui.user_management.test_user_management"}], "links": [{"type": "tms", "url": "https://qiwa.testmo.net/repositories/26?case_id=41781", "name": "Testmo test case (41781)"}, {"type": "tms", "url": "https://qiwa.testmo.net/repositories/26?case_id=41800", "name": "Testmo test case (41800)"}, {"type": "tms", "url": "https://qiwa.testmo.net/repositories/26?case_id=43159", "name": "Testmo test case (43159)"}]}