{"name": "Test self subscription user with expired or terminated subscription", "status": "failed", "statusDetails": {"message": "selene.core.exceptions.TimeoutException: Message: \n\nTimed out after 20s, while waiting for:\nbrowser.all(('xpath', \"//button//p[contains(text(), 'Proceed with subscription')]\"))[0].is visible\n\nReason: AssertionError: Cannot get element with index 0 from webelements collection with length 0\nScreenshot: file:///Users/olehlazeba/.selene/screenshots/1703165460399/1703165460404.png\nPageSource: file:///Users/olehlazeba/.selene/screenshots/1703165460399/1703165460404.html", "trace": "fn = <selene.core.conditions.ElementCondition object at 0x1133d9360>\n\n    def logic(fn: Callable[[E], R]) -> R:\n        finish_time = time.time() + self._timeout\n    \n        while True:\n            try:\n>               return fn(self.entity)\n\nvenv/lib/python3.10/site-packages/selene/core/wait.py:119: \n_ _ _ _ _ _ _ _ _ _ _ _ _ _ _ _ _ _ _ _ _ _ _ _ _ _ _ _ _ _ _ _ _ _ _ _ _ _ _ _ _ _ _ _ _ _ _ _ _ _ _ _ _ _ _ _ _ _ _ _ _ _ _ _ _ _ _ _ _ _ _ _ _ _ _ _ _ _ _ _ _ _ _ _ _ _ _ _ _ _ _ _ _ _ _ _ _ _ _ _ _ _ _ _ _ _ _ _ _ _ _ _ _ _ _ _ \nvenv/lib/python3.10/site-packages/selene/core/condition.py:174: in __call__\n    return self._fn(entity)\nvenv/lib/python3.10/site-packages/selene/core/condition.py:121: in fn\n    if not predicate(entity):\nvenv/lib/python3.10/site-packages/selene/core/match.py:37: in <lambda>\n    'is visible', lambda element: element().is_displayed()\nvenv/lib/python3.10/site-packages/selene/core/entity.py:196: in __call__\n    return self.locate()\nvenv/lib/python3.10/site-packages/selene/core/entity.py:189: in locate\n    return self._locator()\nvenv/lib/python3.10/site-packages/selene/core/locator.py:34: in __call__\n    return self._locate()\n_ _ _ _ _ _ _ _ _ _ _ _ _ _ _ _ _ _ _ _ _ _ _ _ _ _ _ _ _ _ _ _ _ _ _ _ _ _ _ _ _ _ _ _ _ _ _ _ _ _ _ _ _ _ _ _ _ _ _ _ _ _ _ _ _ _ _ _ _ _ _ _ _ _ _ _ _ _ _ _ _ _ _ _ _ _ _ _ _ _ _ _ _ _ _ _ _ _ _ _ _ _ _ _ _ _ _ _ _ _ _ _ _ _ _ _ \n\n    def find() -> WebElement:\n        webelements = self.locate()\n        length = len(webelements)\n    \n        if length <= index:\n>           raise AssertionError(\n                f'Cannot get element with index {index} '\n                + f'from webelements collection with length {length}'\n            )\nE           AssertionError: Cannot get element with index 0 from webelements collection with length 0\n\nvenv/lib/python3.10/site-packages/selene/core/entity.py:661: AssertionError\n\nDuring handling of the above exception, another exception occurred:\n\nuser_type = 'expired'\nuser = User(personal_number='1061883045', labor_office_id='9', sequence_number='1950803', office_id=None, establishment_name_...stablishment_number=None, occupation=None, name=None, user_id=457665, unified_number_id=1688203, establishment_id=None)\n\n    @allure.title(\"Test self subscription user with expired or terminated subscription\")\n    @case_id(41780)\n    def test_self_subscription_user_with_expired_terminated_subscription(user_type=\"expired\",\n                                                                         user=owner_with_expired_subscription_always):\n        user_management = UserManagementActions()\n        log_in_and_open_establishment_account(user, Language.EN)\n    \n        user_management\\\n            .possibility_switch_to_establishment_page(user_type)\\\n>           .check_establishment_user_details()\\\n            .check_renew_subscription()\n\ntests/ui/user_management/test_user_management.py:291: \n_ _ _ _ _ _ _ _ _ _ _ _ _ _ _ _ _ _ _ _ _ _ _ _ _ _ _ _ _ _ _ _ _ _ _ _ _ _ _ _ _ _ _ _ _ _ _ _ _ _ _ _ _ _ _ _ _ _ _ _ _ _ _ _ _ _ _ _ _ _ _ _ _ _ _ _ _ _ _ _ _ _ _ _ _ _ _ _ _ _ _ _ _ _ _ _ _ _ _ _ _ _ _ _ _ _ _ _ _ _ _ _ _ _ _ _ \nsrc/ui/actions/user_management_actions/user_management.py:434: in check_establishment_user_details\n    self.click_btn_proceed_subscription()\nsrc/ui/pages/user_management_pages/establishment_user_details_page.py:20: in click_btn_proceed_subscription\n    ).click() if number else self.btn_proceed_subscription[0].should(be.visible).click()\nvenv/lib/python3.10/site-packages/selene/core/entity.py:136: in should\n    self.wait.for_(condition)\nvenv/lib/python3.10/site-packages/selene/core/wait.py:143: in for_\n    return self._decorator(self)(logic)(fn)\nvenv/lib/python3.10/site-packages/selene/support/_logging.py:105: in decorated\n    return for_(fn)\n_ _ _ _ _ _ _ _ _ _ _ _ _ _ _ _ _ _ _ _ _ _ _ _ _ _ _ _ _ _ _ _ _ _ _ _ _ _ _ _ _ _ _ _ _ _ _ _ _ _ _ _ _ _ _ _ _ _ _ _ _ _ _ _ _ _ _ _ _ _ _ _ _ _ _ _ _ _ _ _ _ _ _ _ _ _ _ _ _ _ _ _ _ _ _ _ _ _ _ _ _ _ _ _ _ _ _ _ _ _ _ _ _ _ _ _ \n\nfn = <selene.core.conditions.ElementCondition object at 0x1133d9360>\n\n    def logic(fn: Callable[[E], R]) -> R:\n        finish_time = time.time() + self._timeout\n    \n        while True:\n            try:\n                return fn(self.entity)\n            except Exception as reason:\n                if time.time() > finish_time:\n                    reason_message = str(reason)\n    \n                    reason_string = '{name}: {message}'.format(\n                        name=reason.__class__.__name__,\n                        message=reason_message,\n                    )\n                    # TODO: think on how can we improve logging failures in selene, e.g. reverse msg and stacktrace\n                    # stacktrace = getattr(reason, 'stacktrace', None)\n                    timeout = self._timeout\n                    entity = self.entity\n    \n                    failure = TimeoutException(\n                        f'\\n'\n                        f'\\nTimed out after {timeout}s, while waiting for:'\n                        f'\\n{entity}.{fn}'\n                        f'\\n'\n                        f'\\nReason: {reason_string}'\n                    )\n    \n>                   raise self._hook_failure(failure)\nE                   selene.core.exceptions.TimeoutException: Message: \nE                   \nE                   Timed out after 20s, while waiting for:\nE                   browser.all(('xpath', \"//button//p[contains(text(), 'Proceed with subscription')]\"))[0].is visible\nE                   \nE                   Reason: AssertionError: Cannot get element with index 0 from webelements collection with length 0\nE                   Screenshot: file:///Users/olehlazeba/.selene/screenshots/1703165460399/1703165460404.png\nE                   PageSource: file:///Users/olehlazeba/.selene/screenshots/1703165460399/1703165460404.html\n\nvenv/lib/python3.10/site-packages/selene/core/wait.py:141: TimeoutException"}, "steps": [{"name": "login_as_user", "status": "passed", "steps": [{"name": "Login '1061883045' via Laborer SSO API", "status": "passed", "steps": [{"name": "[200] POST /oauth/init", "status": "passed", "attachments": [{"name": "JSON Request body", "source": "3f2fa282-7201-4088-9a46-ca518b0951d0-attachment.json", "type": "application/json"}, {"name": "JSON Response body", "source": "8d891ae4-4802-4aa6-ba9a-6a3587126bf1-attachment.json", "type": "application/json"}], "start": 1703166086805, "stop": 1703166086808}, {"name": "Assert that status_code equals 200", "status": "passed", "start": 1703166086809, "stop": 1703166086809}, {"name": "login", "status": "passed", "steps": [{"name": "[200] POST /session/login", "status": "passed", "attachments": [{"name": "JSON Request body", "source": "11f7af99-f42d-4c49-8a0c-8194a4894764-attachment.json", "type": "application/json"}, {"name": "JSON Response body", "source": "44169fca-5883-4618-afbd-f17d5e271318-attachment.json", "type": "application/json"}], "start": 1703166087943, "stop": 1703166087970}, {"name": "Assert that status_code equals 200", "status": "passed", "start": 1703166087971, "stop": 1703166087971}], "parameters": [{"name": "login", "value": "'1061883045'"}, {"name": "password", "value": "'123456789aA@'"}, {"name": "expected_code", "value": "200"}], "start": 1703166086809, "stop": 1703166087971}, {"name": "login_with_otp", "status": "passed", "steps": [{"name": "[200] POST /session/login-with-otp", "status": "passed", "attachments": [{"name": "JSON Request body", "source": "662026bd-4524-46f5-b572-5af87c660a13-attachment.json", "type": "application/json"}, {"name": "JSON Response body", "source": "8fdca1df-e7ce-41fd-be05-a3147dc1bbdb-attachment.json", "type": "application/json"}], "start": 1703166088454, "stop": 1703166088456}, {"name": "Assert that status_code equals 200", "status": "passed", "start": 1703166088457, "stop": 1703166088457}], "parameters": [{"name": "otp_code", "value": "'0000'"}, {"name": "expected_code", "value": "200"}], "start": 1703166087971, "stop": 1703166088457}, {"name": "[302] POST /authorize?client_id=qiwa&redirect_uri=https%3A%2F%2Fauth.qiwa.info%2Foauth%2Fcallback&response_type=code&scope=openid+email+phone+profile&code_challenge_method=S256&state=kXSq3UowtF0Gv_uEDhf1pqv-Ekl9EhHo10ZSjrJQZTw&code_challenge=VESjYNqRUkOPhdS4JuJrZ_4aqJIuq9b9x1biNnu7Na4", "status": "passed", "start": 1703166088635, "stop": 1703166088635}, {"name": "Assert that status_code equals 302", "status": "passed", "start": 1703166088640, "stop": 1703166088640}, {"name": "[200] POST /oauth/callback", "status": "passed", "attachments": [{"name": "JSON Request body", "source": "b09b8719-edaa-4725-ab1f-0ae5b8fd6eb2-attachment.json", "type": "application/json"}, {"name": "JSON Response body", "source": "c760f0dc-740d-48e2-baf9-88e426feae83-attachment.json", "type": "application/json"}], "start": 1703166089981, "stop": 1703166089982}, {"name": "Assert that status_code equals 200", "status": "passed", "start": 1703166089983, "stop": 1703166089983}], "parameters": [{"name": "personal_number", "value": "'1061883045'"}, {"name": "password", "value": "'123456789aA@'"}], "start": 1703166085815, "stop": 1703166089983}], "parameters": [{"name": "personal_number", "value": "'1061883045'"}, {"name": "password", "value": "'123456789aA@'"}], "start": 1703166085814, "stop": 1703166089983}, {"name": "[200] GET /context", "status": "passed", "attachments": [{"name": "JSON Response body", "source": "71ddc0f8-796e-489b-8e9a-b6a04119c51b-attachment.json", "type": "application/json"}], "start": 1703166090149, "stop": 1703166090150}, {"name": "Assert that status_code equals 200", "status": "passed", "start": 1703166090151, "stop": 1703166090151}, {"name": "change_local", "status": "passed", "steps": [{"name": "change_local", "status": "passed", "steps": [{"name": "element('xpath', '//*[@data-component=\"Navigation\"]//p[contains(text(), \"AR\") or contains(text(), \"EN\") or contains(text(), \"Ø¹\")]'): click", "status": "passed", "start": 1703166091079, "stop": 1703166094474}, {"name": "element('xpath', '//p[contains(text(), \"English (EN)\")]'): click", "status": "passed", "start": 1703166094474, "stop": 1703166094539}], "parameters": [{"name": "language", "value": "'en'"}], "start": 1703166091078, "stop": 1703166094539}], "parameters": [{"name": "a", "value": "(<src.ui.components.header.Header object at 0x113a29cc0>, 'en')"}], "start": 1703166091078, "stop": 1703166094539}, {"name": "possibility_switch_to_establishment_page", "status": "passed", "steps": [{"name": "click_btn_subscribe", "status": "passed", "steps": [{"name": "all('xpath', \"//*[@id='tabpanel-:r0:-0']//button//a\")[0]: click", "status": "passed", "start": 1703166094542, "stop": 1703166095271}], "parameters": [{"name": "user_type", "value": "'expired'"}, {"name": "number", "value": "None"}], "start": 1703166094542, "stop": 1703166095271}], "parameters": [{"name": "user_type", "value": "'expired'"}], "start": 1703166094542, "stop": 1703166095271}, {"name": "check_establishment_user_details", "status": "failed", "statusDetails": {"message": "selene.core.exceptions.TimeoutException: Message: \n\nTimed out after 20s, while waiting for:\nbrowser.all(('xpath', \"//button//p[contains(text(), 'Proceed with subscription')]\"))[0].is visible\n\nReason: AssertionError: Cannot get element with index 0 from webelements collection with length 0\nScreenshot: file:///Users/olehlazeba/.selene/screenshots/1703165460399/1703165460404.png\nPageSource: file:///Users/olehlazeba/.selene/screenshots/1703165460399/1703165460404.html\n\n", "trace": "  File \"/Users/olehlazeba/PycharmProjects/qiwa-automation/venv/lib/python3.10/site-packages/allure_commons/_allure.py\", line 192, in impl\n    return func(*a, **kw)\n  File \"/Users/olehlazeba/PycharmProjects/qiwa-automation/src/ui/actions/user_management_actions/user_management.py\", line 434, in check_establishment_user_details\n    self.click_btn_proceed_subscription()\n  File \"/Users/olehlazeba/PycharmProjects/qiwa-automation/venv/lib/python3.10/site-packages/allure_commons/_allure.py\", line 192, in impl\n    return func(*a, **kw)\n  File \"/Users/olehlazeba/PycharmProjects/qiwa-automation/src/ui/pages/user_management_pages/establishment_user_details_page.py\", line 20, in click_btn_proceed_subscription\n    ).click() if number else self.btn_proceed_subscription[0].should(be.visible).click()\n  File \"/Users/olehlazeba/PycharmProjects/qiwa-automation/venv/lib/python3.10/site-packages/selene/core/entity.py\", line 136, in should\n    self.wait.for_(condition)\n  File \"/Users/olehlazeba/PycharmProjects/qiwa-automation/venv/lib/python3.10/site-packages/selene/core/wait.py\", line 143, in for_\n    return self._decorator(self)(logic)(fn)\n  File \"/Users/olehlazeba/PycharmProjects/qiwa-automation/venv/lib/python3.10/site-packages/selene/support/_logging.py\", line 105, in decorated\n    return for_(fn)\n  File \"/Users/olehlazeba/PycharmProjects/qiwa-automation/venv/lib/python3.10/site-packages/selene/core/wait.py\", line 141, in logic\n    raise self._hook_failure(failure)\n"}, "steps": [{"name": "element('xpath', \"//p[contains(text(), 'Establishment and user details')]\"): should be visible", "status": "failed", "statusDetails": {"message": "selene.core.exceptions.TimeoutException: Message: \n\nTimed out after 20s, while waiting for:\nbrowser.element(('xpath', \"//p[contains(text(), 'Establishment and user details')]\")).is visible\n\nReason: NoSuchElementException: Message: no such element: Unable to locate element: {\"method\":\"xpath\",\"selector\":\"//p[contains(text(), 'Establishment and user details')]\"}\n  (Session info: chrome=120.0.6099.109); For documentation on this error, please visit: https://www.selenium.dev/documentation/webdriver/troubleshooting/errors#no-such-element-exception\nStacktrace:\n0   chromedriver                        0x00000001014d8cc8 chromedriver + 4844744\n1   chromedriver                        0x00000001014d0243 chromedriver + 4809283\n2   chromedriver                        0x000000010109e77d chromedriver + 411517\n3   chromedriver                        0x00000001010eeee0 chromedriver + 741088\n4   chromedriver                        0x00000001010ef091 chromedriver + 741521\n5   chromedriver                        0x000000010113aab4 chromedriver + 1051316\n6   chromedriver                        0x0000000101118ced chromedriver + 912621\n7   chromedriver                        0x0000000101137d42 chromedriver + 1039682\n8   chromedriver                        0x0000000101118a63 chromedriver + 911971\n9   chromedriver                        0x00000001010e01b3 chromedriver + 680371\n10  chromedriver                        0x00000001010e17ce chromedriver + 686030\n11  chromedriver                        0x0000000101498642 chromedriver + 4580930\n12  chromedriver                        0x000000010149d9cc chromedriver + 4602316\n13  chromedriver                        0x000000010147de11 chromedriver + 4472337\n14  chromedriver                        0x000000010149e746 chromedriver + 4605766\n15  chromedriver                        0x000000010146f39c chromedriver + 4412316\n16  chromedriver                        0x00000001014be868 chromedriver + 4737128\n17  chromedriver                        0x00000001014bea1e chromedriver + 4737566\n18  chromedriver                        0x00000001014cfe83 chromedriver + 4808323\n19  libsystem_pthread.dylib             0x00007ff8132701d3 _pthread_start + 125\n20  libsystem_pthread.dylib             0x00007ff81326bbd3 thread_start + 15\n\nScreenshot: file:///Users/olehlazeba/.selene/screenshots/1703165460399/1703165460403.png\nPageSource: file:///Users/olehlazeba/.selene/screenshots/1703165460399/1703165460403.html\n\n", "trace": "  File \"/Users/olehlazeba/PycharmProjects/qiwa-automation/venv/lib/python3.10/site-packages/selene/support/_logging.py\", line 105, in decorated\n    return for_(fn)\n  File \"/Users/olehlazeba/PycharmProjects/qiwa-automation/venv/lib/python3.10/site-packages/selene/core/wait.py\", line 141, in logic\n    raise self._hook_failure(failure)\n"}, "start": 1703166095271, "stop": 1703166115991}, {"name": "click_btn_proceed_subscription", "status": "failed", "statusDetails": {"message": "selene.core.exceptions.TimeoutException: Message: \n\nTimed out after 20s, while waiting for:\nbrowser.all(('xpath', \"//button//p[contains(text(), 'Proceed with subscription')]\"))[0].is visible\n\nReason: AssertionError: Cannot get element with index 0 from webelements collection with length 0\nScreenshot: file:///Users/olehlazeba/.selene/screenshots/1703165460399/1703165460404.png\nPageSource: file:///Users/olehlazeba/.selene/screenshots/1703165460399/1703165460404.html\n\n", "trace": "  File \"/Users/olehlazeba/PycharmProjects/qiwa-automation/venv/lib/python3.10/site-packages/allure_commons/_allure.py\", line 192, in impl\n    return func(*a, **kw)\n  File \"/Users/olehlazeba/PycharmProjects/qiwa-automation/src/ui/pages/user_management_pages/establishment_user_details_page.py\", line 20, in click_btn_proceed_subscription\n    ).click() if number else self.btn_proceed_subscription[0].should(be.visible).click()\n  File \"/Users/olehlazeba/PycharmProjects/qiwa-automation/venv/lib/python3.10/site-packages/selene/core/entity.py\", line 136, in should\n    self.wait.for_(condition)\n  File \"/Users/olehlazeba/PycharmProjects/qiwa-automation/venv/lib/python3.10/site-packages/selene/core/wait.py\", line 143, in for_\n    return self._decorator(self)(logic)(fn)\n  File \"/Users/olehlazeba/PycharmProjects/qiwa-automation/venv/lib/python3.10/site-packages/selene/support/_logging.py\", line 105, in decorated\n    return for_(fn)\n  File \"/Users/olehlazeba/PycharmProjects/qiwa-automation/venv/lib/python3.10/site-packages/selene/core/wait.py\", line 141, in logic\n    raise self._hook_failure(failure)\n"}, "steps": [{"name": "all('xpath', \"//button//p[contains(text(), 'Proceed with subscription')]\")[0]: should be visible", "status": "failed", "statusDetails": {"message": "selene.core.exceptions.TimeoutException: Message: \n\nTimed out after 20s, while waiting for:\nbrowser.all(('xpath', \"//button//p[contains(text(), 'Proceed with subscription')]\"))[0].is visible\n\nReason: AssertionError: Cannot get element with index 0 from webelements collection with length 0\nScreenshot: file:///Users/olehlazeba/.selene/screenshots/1703165460399/1703165460404.png\nPageSource: file:///Users/olehlazeba/.selene/screenshots/1703165460399/1703165460404.html\n\n", "trace": "  File \"/Users/olehlazeba/PycharmProjects/qiwa-automation/venv/lib/python3.10/site-packages/selene/support/_logging.py\", line 105, in decorated\n    return for_(fn)\n  File \"/Users/olehlazeba/PycharmProjects/qiwa-automation/venv/lib/python3.10/site-packages/selene/core/wait.py\", line 141, in logic\n    raise self._hook_failure(failure)\n"}, "start": 1703166115992, "stop": 1703166136396}], "parameters": [{"name": "number", "value": "None"}], "start": 1703166115992, "stop": 1703166136396}], "start": 1703166095271, "stop": 1703166136397}], "attachments": [{"name": "2023-12-21 15:42:16.515968.png", "source": "f6a457a9-95d4-4227-9c78-22dc3905f63c-attachment.png", "type": "image/png"}], "start": 1703166085814, "stop": 1703166136397, "uuid": "d98312b7-10a1-435f-bbed-ed2eaaff5f17", "historyId": "7c4900cbcaa70e27234797a23509d11e", "testCaseId": "7c4900cbcaa70e27234797a23509d11e", "fullName": "tests.ui.user_management.test_user_management#test_self_subscription_user_with_expired_terminated_subscription", "labels": [{"name": "parentSuite", "value": "tests.ui.user_management"}, {"name": "suite", "value": "test_user_management"}, {"name": "host", "value": "Macbook-Pro-Flora.local"}, {"name": "thread", "value": "54235-MainThread"}, {"name": "framework", "value": "pytest"}, {"name": "language", "value": "cpython3"}, {"name": "package", "value": "tests.ui.user_management.test_user_management"}], "links": [{"type": "tms", "url": "https://qiwa.testmo.net/repositories/26?case_id=41780", "name": "Testmo test case (41780)"}]}