{"name": "test_possibility_open_renew_expired_page_self_subscription[active-user0]", "status": "failed", "statusDetails": {"message": "selene.core.exceptions.TimeoutException: Message: \n\nTimed out after 20s, while waiting for:\nbrowser.all(('xpath', \"//button//p[contains(text(), 'Proceed with subscription')]\"))[0].is visible\n\nReason: AssertionError: Cannot get element with index 0 from webelements collection with length 0\nScreenshot: file:///Users/olehlazeba/.selene/screenshots/1703165460399/1703165460408.png\nPageSource: file:///Users/olehlazeba/.selene/screenshots/1703165460399/1703165460408.html", "trace": "fn = <selene.core.conditions.ElementCondition object at 0x1133d9360>\n\n    def logic(fn: Callable[[E], R]) -> R:\n        finish_time = time.time() + self._timeout\n    \n        while True:\n            try:\n>               return fn(self.entity)\n\nvenv/lib/python3.10/site-packages/selene/core/wait.py:119: \n_ _ _ _ _ _ _ _ _ _ _ _ _ _ _ _ _ _ _ _ _ _ _ _ _ _ _ _ _ _ _ _ _ _ _ _ _ _ _ _ _ _ _ _ _ _ _ _ _ _ _ _ _ _ _ _ _ _ _ _ _ _ _ _ _ _ _ _ _ _ _ _ _ _ _ _ _ _ _ _ _ _ _ _ _ _ _ _ _ _ _ _ _ _ _ _ _ _ _ _ _ _ _ _ _ _ _ _ _ _ _ _ _ _ _ _ \nvenv/lib/python3.10/site-packages/selene/core/condition.py:174: in __call__\n    return self._fn(entity)\nvenv/lib/python3.10/site-packages/selene/core/condition.py:121: in fn\n    if not predicate(entity):\nvenv/lib/python3.10/site-packages/selene/core/match.py:37: in <lambda>\n    'is visible', lambda element: element().is_displayed()\nvenv/lib/python3.10/site-packages/selene/core/entity.py:196: in __call__\n    return self.locate()\nvenv/lib/python3.10/site-packages/selene/core/entity.py:189: in locate\n    return self._locator()\nvenv/lib/python3.10/site-packages/selene/core/locator.py:34: in __call__\n    return self._locate()\n_ _ _ _ _ _ _ _ _ _ _ _ _ _ _ _ _ _ _ _ _ _ _ _ _ _ _ _ _ _ _ _ _ _ _ _ _ _ _ _ _ _ _ _ _ _ _ _ _ _ _ _ _ _ _ _ _ _ _ _ _ _ _ _ _ _ _ _ _ _ _ _ _ _ _ _ _ _ _ _ _ _ _ _ _ _ _ _ _ _ _ _ _ _ _ _ _ _ _ _ _ _ _ _ _ _ _ _ _ _ _ _ _ _ _ _ \n\n    def find() -> WebElement:\n        webelements = self.locate()\n        length = len(webelements)\n    \n        if length <= index:\n>           raise AssertionError(\n                f'Cannot get element with index {index} '\n                + f'from webelements collection with length {length}'\n            )\nE           AssertionError: Cannot get element with index 0 from webelements collection with length 0\n\nvenv/lib/python3.10/site-packages/selene/core/entity.py:661: AssertionError\n\nDuring handling of the above exception, another exception occurred:\n\nuser_type = 'active'\nuser = User(personal_number='1055034217', labor_office_id='14', sequence_number='117', office_id=None, establishment_name_ar=... establishment_number=None, occupation=None, name=None, user_id=1588485, unified_number_id=None, establishment_id=None)\n\n    @allure.step(\"Test possibility open 'Renew expired page'\")\n    @case_id(41795, 41798)\n    @pytest.mark.parametrize(\"user_type, user\", SelfSubscriptionData.all_users)\n    def test_possibility_open_renew_expired_page_self_subscription(user_type, user):\n        user_management = UserManagementActions()\n        log_in_and_open_establishment_account(user, Language.EN)\n    \n        user_management\\\n            .navigate_to_establishment_information(user)\\\n>           .possibility_open_renew_subscription_page()\\\n            .check_opened_page(user_type)\n\ntests/ui/user_management/test_user_management.py:330: \n_ _ _ _ _ _ _ _ _ _ _ _ _ _ _ _ _ _ _ _ _ _ _ _ _ _ _ _ _ _ _ _ _ _ _ _ _ _ _ _ _ _ _ _ _ _ _ _ _ _ _ _ _ _ _ _ _ _ _ _ _ _ _ _ _ _ _ _ _ _ _ _ _ _ _ _ _ _ _ _ _ _ _ _ _ _ _ _ _ _ _ _ _ _ _ _ _ _ _ _ _ _ _ _ _ _ _ _ _ _ _ _ _ _ _ _ \nsrc/ui/actions/user_management_actions/user_management.py:476: in possibility_open_renew_subscription_page\n    self.check_establishment_user_details()\nsrc/ui/actions/user_management_actions/user_management.py:434: in check_establishment_user_details\n    self.click_btn_proceed_subscription()\nsrc/ui/pages/user_management_pages/establishment_user_details_page.py:20: in click_btn_proceed_subscription\n    ).click() if number else self.btn_proceed_subscription[0].should(be.visible).click()\nvenv/lib/python3.10/site-packages/selene/core/entity.py:136: in should\n    self.wait.for_(condition)\nvenv/lib/python3.10/site-packages/selene/core/wait.py:143: in for_\n    return self._decorator(self)(logic)(fn)\nvenv/lib/python3.10/site-packages/selene/support/_logging.py:105: in decorated\n    return for_(fn)\n_ _ _ _ _ _ _ _ _ _ _ _ _ _ _ _ _ _ _ _ _ _ _ _ _ _ _ _ _ _ _ _ _ _ _ _ _ _ _ _ _ _ _ _ _ _ _ _ _ _ _ _ _ _ _ _ _ _ _ _ _ _ _ _ _ _ _ _ _ _ _ _ _ _ _ _ _ _ _ _ _ _ _ _ _ _ _ _ _ _ _ _ _ _ _ _ _ _ _ _ _ _ _ _ _ _ _ _ _ _ _ _ _ _ _ _ \n\nfn = <selene.core.conditions.ElementCondition object at 0x1133d9360>\n\n    def logic(fn: Callable[[E], R]) -> R:\n        finish_time = time.time() + self._timeout\n    \n        while True:\n            try:\n                return fn(self.entity)\n            except Exception as reason:\n                if time.time() > finish_time:\n                    reason_message = str(reason)\n    \n                    reason_string = '{name}: {message}'.format(\n                        name=reason.__class__.__name__,\n                        message=reason_message,\n                    )\n                    # TODO: think on how can we improve logging failures in selene, e.g. reverse msg and stacktrace\n                    # stacktrace = getattr(reason, 'stacktrace', None)\n                    timeout = self._timeout\n                    entity = self.entity\n    \n                    failure = TimeoutException(\n                        f'\\n'\n                        f'\\nTimed out after {timeout}s, while waiting for:'\n                        f'\\n{entity}.{fn}'\n                        f'\\n'\n                        f'\\nReason: {reason_string}'\n                    )\n    \n>                   raise self._hook_failure(failure)\nE                   selene.core.exceptions.TimeoutException: Message: \nE                   \nE                   Timed out after 20s, while waiting for:\nE                   browser.all(('xpath', \"//button//p[contains(text(), 'Proceed with subscription')]\"))[0].is visible\nE                   \nE                   Reason: AssertionError: Cannot get element with index 0 from webelements collection with length 0\nE                   Screenshot: file:///Users/olehlazeba/.selene/screenshots/1703165460399/1703165460408.png\nE                   PageSource: file:///Users/olehlazeba/.selene/screenshots/1703165460399/1703165460408.html\n\nvenv/lib/python3.10/site-packages/selene/core/wait.py:141: TimeoutException"}, "steps": [{"name": "Test possibility open 'Renew expired page'", "status": "failed", "statusDetails": {"message": "selene.core.exceptions.TimeoutException: Message: \n\nTimed out after 20s, while waiting for:\nbrowser.all(('xpath', \"//button//p[contains(text(), 'Proceed with subscription')]\"))[0].is visible\n\nReason: AssertionError: Cannot get element with index 0 from webelements collection with length 0\nScreenshot: file:///Users/olehlazeba/.selene/screenshots/1703165460399/1703165460408.png\nPageSource: file:///Users/olehlazeba/.selene/screenshots/1703165460399/1703165460408.html\n\n", "trace": "  File \"/Users/olehlazeba/PycharmProjects/qiwa-automation/venv/lib/python3.10/site-packages/allure_commons/_allure.py\", line 192, in impl\n    return func(*a, **kw)\n  File \"/Users/olehlazeba/PycharmProjects/qiwa-automation/utils/allure.py\", line 37, in wrapper\n    return func(*args, **kwargs)\n  File \"/Users/olehlazeba/PycharmProjects/qiwa-automation/tests/ui/user_management/test_user_management.py\", line 330, in test_possibility_open_renew_expired_page_self_subscription\n    .possibility_open_renew_subscription_page()\\\n  File \"/Users/olehlazeba/PycharmProjects/qiwa-automation/venv/lib/python3.10/site-packages/allure_commons/_allure.py\", line 192, in impl\n    return func(*a, **kw)\n  File \"/Users/olehlazeba/PycharmProjects/qiwa-automation/src/ui/actions/user_management_actions/user_management.py\", line 476, in possibility_open_renew_subscription_page\n    self.check_establishment_user_details()\n  File \"/Users/olehlazeba/PycharmProjects/qiwa-automation/venv/lib/python3.10/site-packages/allure_commons/_allure.py\", line 192, in impl\n    return func(*a, **kw)\n  File \"/Users/olehlazeba/PycharmProjects/qiwa-automation/src/ui/actions/user_management_actions/user_management.py\", line 434, in check_establishment_user_details\n    self.click_btn_proceed_subscription()\n  File \"/Users/olehlazeba/PycharmProjects/qiwa-automation/venv/lib/python3.10/site-packages/allure_commons/_allure.py\", line 192, in impl\n    return func(*a, **kw)\n  File \"/Users/olehlazeba/PycharmProjects/qiwa-automation/src/ui/pages/user_management_pages/establishment_user_details_page.py\", line 20, in click_btn_proceed_subscription\n    ).click() if number else self.btn_proceed_subscription[0].should(be.visible).click()\n  File \"/Users/olehlazeba/PycharmProjects/qiwa-automation/venv/lib/python3.10/site-packages/selene/core/entity.py\", line 136, in should\n    self.wait.for_(condition)\n  File \"/Users/olehlazeba/PycharmProjects/qiwa-automation/venv/lib/python3.10/site-packages/selene/core/wait.py\", line 143, in for_\n    return self._decorator(self)(logic)(fn)\n  File \"/Users/olehlazeba/PycharmProjects/qiwa-automation/venv/lib/python3.10/site-packages/selene/support/_logging.py\", line 105, in decorated\n    return for_(fn)\n  File \"/Users/olehlazeba/PycharmProjects/qiwa-automation/venv/lib/python3.10/site-packages/selene/core/wait.py\", line 141, in logic\n    raise self._hook_failure(failure)\n"}, "steps": [{"name": "login_as_user", "status": "passed", "steps": [{"name": "Login '1055034217' via Laborer SSO API", "status": "passed", "steps": [{"name": "[200] POST /oauth/init", "status": "passed", "attachments": [{"name": "JSON Request body", "source": "8d467d20-5f4d-4ee4-9453-404dee77f918-attachment.json", "type": "application/json"}, {"name": "JSON Response body", "source": "841760dd-96aa-4fc3-bce3-eaeaecc9f35b-attachment.json", "type": "application/json"}], "start": 1703166219999, "stop": 1703166220002}, {"name": "Assert that status_code equals 200", "status": "passed", "start": 1703166220004, "stop": 1703166220004}, {"name": "login", "status": "passed", "steps": [{"name": "[200] POST /session/login", "status": "passed", "attachments": [{"name": "JSON Request body", "source": "e1af0eb4-c5f8-4f5b-a467-327a65b36cab-attachment.json", "type": "application/json"}, {"name": "JSON Response body", "source": "189559c9-86a1-4e3f-9c27-52fcf3a6e82a-attachment.json", "type": "application/json"}], "start": 1703166221146, "stop": 1703166221147}, {"name": "Assert that status_code equals 200", "status": "passed", "start": 1703166221148, "stop": 1703166221148}], "parameters": [{"name": "login", "value": "'1055034217'"}, {"name": "password", "value": "'123456789aA@'"}, {"name": "expected_code", "value": "200"}], "start": 1703166220005, "stop": 1703166221148}, {"name": "login_with_otp", "status": "passed", "steps": [{"name": "[200] POST /session/login-with-otp", "status": "passed", "attachments": [{"name": "JSON Request body", "source": "ab38bdc8-8dba-4775-9e7b-97b6f47052e0-attachment.json", "type": "application/json"}, {"name": "JSON Response body", "source": "448ff743-321a-4096-bc55-60734db73d08-attachment.json", "type": "application/json"}], "start": 1703166221611, "stop": 1703166221648}, {"name": "Assert that status_code equals 200", "status": "passed", "start": 1703166221648, "stop": 1703166221648}], "parameters": [{"name": "otp_code", "value": "'0000'"}, {"name": "expected_code", "value": "200"}], "start": 1703166221148, "stop": 1703166221648}, {"name": "[302] POST /authorize?client_id=qiwa&redirect_uri=https%3A%2F%2Fauth.qiwa.info%2Foauth%2Fcallback&response_type=code&scope=openid+email+phone+profile&code_challenge_method=S256&state=x5QGPI4smY896gYTO9zR07psIwktZY00cmAxXGKdPRc&code_challenge=mfM3Tf2IPVsCAofwnKTo2b1ZnSWdWk4CjzXSaocwaIQ", "status": "passed", "start": 1703166221873, "stop": 1703166221873}, {"name": "Assert that status_code equals 302", "status": "passed", "start": 1703166221877, "stop": 1703166221877}, {"name": "[200] POST /oauth/callback", "status": "passed", "attachments": [{"name": "JSON Request body", "source": "46c285d5-6a66-45b8-9b26-b744690e8d42-attachment.json", "type": "application/json"}, {"name": "JSON Response body", "source": "c7bf6775-fdc6-47f2-b1d6-b7984c1682a2-attachment.json", "type": "application/json"}], "start": 1703166223100, "stop": 1703166223101}, {"name": "Assert that status_code equals 200", "status": "passed", "start": 1703166223102, "stop": 1703166223102}], "parameters": [{"name": "personal_number", "value": "'1055034217'"}, {"name": "password", "value": "'123456789aA@'"}], "start": 1703166219303, "stop": 1703166223102}], "parameters": [{"name": "personal_number", "value": "'1055034217'"}, {"name": "password", "value": "'123456789aA@'"}], "start": 1703166219302, "stop": 1703166223102}, {"name": "[200] GET /context", "status": "passed", "attachments": [{"name": "JSON Response body", "source": "ef079b53-5a08-4a33-a754-1a9f9c7b5538-attachment.json", "type": "application/json"}], "start": 1703166223349, "stop": 1703166223352}, {"name": "Assert that status_code equals 200", "status": "passed", "start": 1703166223353, "stop": 1703166223353}, {"name": "change_local", "status": "passed", "steps": [{"name": "change_local", "status": "passed", "steps": [{"name": "element('xpath', '//*[@data-component=\"Navigation\"]//p[contains(text(), \"AR\") or contains(text(), \"EN\") or contains(text(), \"Ø¹\")]'): click", "status": "passed", "start": 1703166225240, "stop": 1703166229369}, {"name": "element('xpath', '//p[contains(text(), \"English (EN)\")]'): click", "status": "passed", "start": 1703166229369, "stop": 1703166229480}], "parameters": [{"name": "language", "value": "'en'"}], "start": 1703166225239, "stop": 1703166229480}], "parameters": [{"name": "a", "value": "(<src.ui.components.header.Header object at 0x113a29cc0>, 'en')"}], "start": 1703166225239, "stop": 1703166229481}, {"name": "navigate_to_establishment_information", "status": "passed", "steps": [{"name": "all(\"[data-component='TabPanel'] button\").element_by(has text 117): click", "status": "passed", "start": 1703166229484, "stop": 1703166229860}], "parameters": [{"name": "user", "value": "User(personal_number='1055034217', labor_office_id='14', sequence_number='117', office_id=None, establishment_name_ar=None, establishment_number=None, occupation=None, name=None, user_id=1588485, unified_number_id=None, establishment_id=None)"}], "start": 1703166229484, "stop": 1703166229861}, {"name": "possibility_open_renew_subscription_page", "status": "failed", "statusDetails": {"message": "selene.core.exceptions.TimeoutException: Message: \n\nTimed out after 20s, while waiting for:\nbrowser.all(('xpath', \"//button//p[contains(text(), 'Proceed with subscription')]\"))[0].is visible\n\nReason: AssertionError: Cannot get element with index 0 from webelements collection with length 0\nScreenshot: file:///Users/olehlazeba/.selene/screenshots/1703165460399/1703165460408.png\nPageSource: file:///Users/olehlazeba/.selene/screenshots/1703165460399/1703165460408.html\n\n", "trace": "  File \"/Users/olehlazeba/PycharmProjects/qiwa-automation/venv/lib/python3.10/site-packages/allure_commons/_allure.py\", line 192, in impl\n    return func(*a, **kw)\n  File \"/Users/olehlazeba/PycharmProjects/qiwa-automation/src/ui/actions/user_management_actions/user_management.py\", line 476, in possibility_open_renew_subscription_page\n    self.check_establishment_user_details()\n  File \"/Users/olehlazeba/PycharmProjects/qiwa-automation/venv/lib/python3.10/site-packages/allure_commons/_allure.py\", line 192, in impl\n    return func(*a, **kw)\n  File \"/Users/olehlazeba/PycharmProjects/qiwa-automation/src/ui/actions/user_management_actions/user_management.py\", line 434, in check_establishment_user_details\n    self.click_btn_proceed_subscription()\n  File \"/Users/olehlazeba/PycharmProjects/qiwa-automation/venv/lib/python3.10/site-packages/allure_commons/_allure.py\", line 192, in impl\n    return func(*a, **kw)\n  File \"/Users/olehlazeba/PycharmProjects/qiwa-automation/src/ui/pages/user_management_pages/establishment_user_details_page.py\", line 20, in click_btn_proceed_subscription\n    ).click() if number else self.btn_proceed_subscription[0].should(be.visible).click()\n  File \"/Users/olehlazeba/PycharmProjects/qiwa-automation/venv/lib/python3.10/site-packages/selene/core/entity.py\", line 136, in should\n    self.wait.for_(condition)\n  File \"/Users/olehlazeba/PycharmProjects/qiwa-automation/venv/lib/python3.10/site-packages/selene/core/wait.py\", line 143, in for_\n    return self._decorator(self)(logic)(fn)\n  File \"/Users/olehlazeba/PycharmProjects/qiwa-automation/venv/lib/python3.10/site-packages/selene/support/_logging.py\", line 105, in decorated\n    return for_(fn)\n  File \"/Users/olehlazeba/PycharmProjects/qiwa-automation/venv/lib/python3.10/site-packages/selene/core/wait.py\", line 141, in logic\n    raise self._hook_failure(failure)\n"}, "steps": [{"name": "check_establishment_user_details", "status": "failed", "statusDetails": {"message": "selene.core.exceptions.TimeoutException: Message: \n\nTimed out after 20s, while waiting for:\nbrowser.all(('xpath', \"//button//p[contains(text(), 'Proceed with subscription')]\"))[0].is visible\n\nReason: AssertionError: Cannot get element with index 0 from webelements collection with length 0\nScreenshot: file:///Users/olehlazeba/.selene/screenshots/1703165460399/1703165460408.png\nPageSource: file:///Users/olehlazeba/.selene/screenshots/1703165460399/1703165460408.html\n\n", "trace": "  File \"/Users/olehlazeba/PycharmProjects/qiwa-automation/venv/lib/python3.10/site-packages/allure_commons/_allure.py\", line 192, in impl\n    return func(*a, **kw)\n  File \"/Users/olehlazeba/PycharmProjects/qiwa-automation/src/ui/actions/user_management_actions/user_management.py\", line 434, in check_establishment_user_details\n    self.click_btn_proceed_subscription()\n  File \"/Users/olehlazeba/PycharmProjects/qiwa-automation/venv/lib/python3.10/site-packages/allure_commons/_allure.py\", line 192, in impl\n    return func(*a, **kw)\n  File \"/Users/olehlazeba/PycharmProjects/qiwa-automation/src/ui/pages/user_management_pages/establishment_user_details_page.py\", line 20, in click_btn_proceed_subscription\n    ).click() if number else self.btn_proceed_subscription[0].should(be.visible).click()\n  File \"/Users/olehlazeba/PycharmProjects/qiwa-automation/venv/lib/python3.10/site-packages/selene/core/entity.py\", line 136, in should\n    self.wait.for_(condition)\n  File \"/Users/olehlazeba/PycharmProjects/qiwa-automation/venv/lib/python3.10/site-packages/selene/core/wait.py\", line 143, in for_\n    return self._decorator(self)(logic)(fn)\n  File \"/Users/olehlazeba/PycharmProjects/qiwa-automation/venv/lib/python3.10/site-packages/selene/support/_logging.py\", line 105, in decorated\n    return for_(fn)\n  File \"/Users/olehlazeba/PycharmProjects/qiwa-automation/venv/lib/python3.10/site-packages/selene/core/wait.py\", line 141, in logic\n    raise self._hook_failure(failure)\n"}, "steps": [{"name": "element('xpath', \"//p[contains(text(), 'Establishment and user details')]\"): should be visible", "status": "failed", "statusDetails": {"message": "selene.core.exceptions.TimeoutException: Message: \n\nTimed out after 20s, while waiting for:\nbrowser.element(('xpath', \"//p[contains(text(), 'Establishment and user details')]\")).is visible\n\nReason: NoSuchElementException: Message: no such element: Unable to locate element: {\"method\":\"xpath\",\"selector\":\"//p[contains(text(), 'Establishment and user details')]\"}\n  (Session info: chrome=120.0.6099.109); For documentation on this error, please visit: https://www.selenium.dev/documentation/webdriver/troubleshooting/errors#no-such-element-exception\nStacktrace:\n0   chromedriver                        0x000000010c07bcc8 chromedriver + 4844744\n1   chromedriver                        0x000000010c073243 chromedriver + 4809283\n2   chromedriver                        0x000000010bc4177d chromedriver + 411517\n3   chromedriver                        0x000000010bc91ee0 chromedriver + 741088\n4   chromedriver                        0x000000010bc92091 chromedriver + 741521\n5   chromedriver                        0x000000010bcddab4 chromedriver + 1051316\n6   chromedriver                        0x000000010bcbbced chromedriver + 912621\n7   chromedriver                        0x000000010bcdad42 chromedriver + 1039682\n8   chromedriver                        0x000000010bcbba63 chromedriver + 911971\n9   chromedriver                        0x000000010bc831b3 chromedriver + 680371\n10  chromedriver                        0x000000010bc847ce chromedriver + 686030\n11  chromedriver                        0x000000010c03b642 chromedriver + 4580930\n12  chromedriver                        0x000000010c0409cc chromedriver + 4602316\n13  chromedriver                        0x000000010c020e11 chromedriver + 4472337\n14  chromedriver                        0x000000010c041746 chromedriver + 4605766\n15  chromedriver                        0x000000010c01239c chromedriver + 4412316\n16  chromedriver                        0x000000010c061868 chromedriver + 4737128\n17  chromedriver                        0x000000010c061a1e chromedriver + 4737566\n18  chromedriver                        0x000000010c072e83 chromedriver + 4808323\n19  libsystem_pthread.dylib             0x00007ff8132701d3 _pthread_start + 125\n20  libsystem_pthread.dylib             0x00007ff81326bbd3 thread_start + 15\n\nScreenshot: file:///Users/olehlazeba/.selene/screenshots/1703165460399/1703165460407.png\nPageSource: file:///Users/olehlazeba/.selene/screenshots/1703165460399/1703165460407.html\n\n", "trace": "  File \"/Users/olehlazeba/PycharmProjects/qiwa-automation/venv/lib/python3.10/site-packages/selene/support/_logging.py\", line 105, in decorated\n    return for_(fn)\n  File \"/Users/olehlazeba/PycharmProjects/qiwa-automation/venv/lib/python3.10/site-packages/selene/core/wait.py\", line 141, in logic\n    raise self._hook_failure(failure)\n"}, "start": 1703166231522, "stop": 1703166251939}, {"name": "click_btn_proceed_subscription", "status": "failed", "statusDetails": {"message": "selene.core.exceptions.TimeoutException: Message: \n\nTimed out after 20s, while waiting for:\nbrowser.all(('xpath', \"//button//p[contains(text(), 'Proceed with subscription')]\"))[0].is visible\n\nReason: AssertionError: Cannot get element with index 0 from webelements collection with length 0\nScreenshot: file:///Users/olehlazeba/.selene/screenshots/1703165460399/1703165460408.png\nPageSource: file:///Users/olehlazeba/.selene/screenshots/1703165460399/1703165460408.html\n\n", "trace": "  File \"/Users/olehlazeba/PycharmProjects/qiwa-automation/venv/lib/python3.10/site-packages/allure_commons/_allure.py\", line 192, in impl\n    return func(*a, **kw)\n  File \"/Users/olehlazeba/PycharmProjects/qiwa-automation/src/ui/pages/user_management_pages/establishment_user_details_page.py\", line 20, in click_btn_proceed_subscription\n    ).click() if number else self.btn_proceed_subscription[0].should(be.visible).click()\n  File \"/Users/olehlazeba/PycharmProjects/qiwa-automation/venv/lib/python3.10/site-packages/selene/core/entity.py\", line 136, in should\n    self.wait.for_(condition)\n  File \"/Users/olehlazeba/PycharmProjects/qiwa-automation/venv/lib/python3.10/site-packages/selene/core/wait.py\", line 143, in for_\n    return self._decorator(self)(logic)(fn)\n  File \"/Users/olehlazeba/PycharmProjects/qiwa-automation/venv/lib/python3.10/site-packages/selene/support/_logging.py\", line 105, in decorated\n    return for_(fn)\n  File \"/Users/olehlazeba/PycharmProjects/qiwa-automation/venv/lib/python3.10/site-packages/selene/core/wait.py\", line 141, in logic\n    raise self._hook_failure(failure)\n"}, "steps": [{"name": "all('xpath', \"//button//p[contains(text(), 'Proceed with subscription')]\")[0]: should be visible", "status": "failed", "statusDetails": {"message": "selene.core.exceptions.TimeoutException: Message: \n\nTimed out after 20s, while waiting for:\nbrowser.all(('xpath', \"//button//p[contains(text(), 'Proceed with subscription')]\"))[0].is visible\n\nReason: AssertionError: Cannot get element with index 0 from webelements collection with length 0\nScreenshot: file:///Users/olehlazeba/.selene/screenshots/1703165460399/1703165460408.png\nPageSource: file:///Users/olehlazeba/.selene/screenshots/1703165460399/1703165460408.html\n\n", "trace": "  File \"/Users/olehlazeba/PycharmProjects/qiwa-automation/venv/lib/python3.10/site-packages/selene/support/_logging.py\", line 105, in decorated\n    return for_(fn)\n  File \"/Users/olehlazeba/PycharmProjects/qiwa-automation/venv/lib/python3.10/site-packages/selene/core/wait.py\", line 141, in logic\n    raise self._hook_failure(failure)\n"}, "start": 1703166251940, "stop": 1703166272224}], "parameters": [{"name": "number", "value": "None"}], "start": 1703166251939, "stop": 1703166272224}], "start": 1703166231522, "stop": 1703166272225}], "start": 1703166229861, "stop": 1703166272225}], "parameters": [{"name": "user_type", "value": "'active'"}, {"name": "user", "value": "User(personal_number='1055034217', labor_office_id='14', sequence_number='117', office_id=None, establishment_name_ar=None, establishment_number=None, occupation=None, name=None, user_id=1588485, unified_number_id=None, establishment_id=None)"}], "start": 1703166219302, "stop": 1703166272225}], "attachments": [{"name": "2023-12-21 15:44:32.288013.png", "source": "2c068dfb-da12-4753-a4e8-16e2da1a20f0-attachment.png", "type": "image/png"}], "parameters": [{"name": "user_type", "value": "'active'"}, {"name": "user", "value": "User(personal_number='1055034217', labor_office_id='14', sequence_number='117', office_id=None, establishment_name_ar=None, establishment_number=None, occupation=None, name=None, user_id=1588485, unified_number_id=None, establishment_id=None)"}], "start": 1703166219301, "stop": 1703166272225, "uuid": "6b90e2a0-740d-4d95-991e-1ae2cd27f3a0", "historyId": "9ff102c21aaebe67cf1e74ab43a95fbc", "testCaseId": "7612719bd790f8996e0b46539876176a", "fullName": "tests.ui.user_management.test_user_management#test_possibility_open_renew_expired_page_self_subscription", "labels": [{"name": "parentSuite", "value": "tests.ui.user_management"}, {"name": "suite", "value": "test_user_management"}, {"name": "host", "value": "Macbook-Pro-Flora.local"}, {"name": "thread", "value": "54235-MainThread"}, {"name": "framework", "value": "pytest"}, {"name": "language", "value": "cpython3"}, {"name": "package", "value": "tests.ui.user_management.test_user_management"}], "links": [{"type": "tms", "url": "https://qiwa.testmo.net/repositories/26?case_id=41795", "name": "Testmo test case (41795)"}, {"type": "tms", "url": "https://qiwa.testmo.net/repositories/26?case_id=41798", "name": "Testmo test case (41798)"}]}