{"name": "test_verify_btn_edit[subscriber0-user_one0-user_two0]", "status": "broken", "statusDetails": {"message": "selenium.common.exceptions.NoSuchElementException: Message: no such element: Unable to locate element: {\"method\":\"xpath\",\"selector\":\"//p[contains(text(), 'Establishment and user details')]\"}\n  (Session info: chrome=120.0.6099.109); For documentation on this error, please visit: https://www.selenium.dev/documentation/webdriver/troubleshooting/errors#no-such-element-exception\nStacktrace:\n0   chromedriver                        0x000000010ef96cc8 chromedriver + 4844744\n1   chromedriver                        0x000000010ef8e243 chromedriver + 4809283\n2   chromedriver                        0x000000010eb5c77d chromedriver + 411517\n3   chromedriver                        0x000000010ebacee0 chromedriver + 741088\n4   chromedriver                        0x000000010ebad091 chromedriver + 741521\n5   chromedriver                        0x000000010ebf8ab4 chromedriver + 1051316\n6   chromedriver                        0x000000010ebd6ced chromedriver + 912621\n7   chromedriver                        0x000000010ebf5d42 chromedriver + 1039682\n8   chromedriver                        0x000000010ebd6a63 chromedriver + 911971\n9   chromedriver                        0x000000010eb9e1b3 chromedriver + 680371\n10  chromedriver                        0x000000010eb9f7ce chromedriver + 686030\n11  chromedriver                        0x000000010ef56642 chromedriver + 4580930\n12  chromedriver                        0x000000010ef5b9cc chromedriver + 4602316\n13  chromedriver                        0x000000010ef3be11 chromedriver + 4472337\n14  chromedriver                        0x000000010ef5c746 chromedriver + 4605766\n15  chromedriver                        0x000000010ef2d39c chromedriver + 4412316\n16  chromedriver                        0x000000010ef7c868 chromedriver + 4737128\n17  chromedriver                        0x000000010ef7ca1e chromedriver + 4737566\n18  chromedriver                        0x000000010ef8de83 chromedriver + 4808323\n19  libsystem_pthread.dylib             0x00007ff8132701d3 _pthread_start + 125\n20  libsystem_pthread.dylib             0x00007ff81326bbd3 thread_start + 15", "trace": "subscriber = User(personal_number='1014157000', labor_office_id='9', sequence_number='157949', office_id=None, establishment_name_a...tablishment_number=None, occupation=None, name=None, user_id=1668068, unified_number_id=1315525, establishment_id=None)\nuser_one = User(personal_number='1016725267', labor_office_id='1', sequence_number='1407860', office_id=None, establishment_name_...tablishment_number=None, occupation=None, name=None, user_id=1831396, unified_number_id=1365041, establishment_id=None)\nuser_two = User(personal_number='1055034217', labor_office_id='14', sequence_number='117', office_id=None, establishment_name_ar=... establishment_number=None, occupation=None, name=None, user_id=1588485, unified_number_id=5610, establishment_id=None)\n\n    @allure.step(\"Test verify the 'New Establishment Delegator selected' section and ability to Edit it\")\n    @case_id(7894)\n    @pytest.mark.parametrize(\"subscriber, user_one, user_two\", AddEstablishmentDelegatorData.users)\n    def test_verify_btn_edit(subscriber, user_one, user_two):\n        user_management = UserManagementActions()\n        log_in_and_open_user_management(subscriber, Language.EN)\n    \n        user_management\\\n            .check_open_add_establishment_delegator_page()\\\n            .verify_possibility_add_few_users_as_delegator(user_one)\\\n>           .verify_edit_establishment_delegator_section(user_one, user_two)\n\ntests/ui/user_management/test_user_management.py:362: \n_ _ _ _ _ _ _ _ _ _ _ _ _ _ _ _ _ _ _ _ _ _ _ _ _ _ _ _ _ _ _ _ _ _ _ _ _ _ _ _ _ _ _ _ _ _ _ _ _ _ _ _ _ _ _ _ _ _ _ _ _ _ _ _ _ _ _ _ _ _ _ _ _ _ _ _ _ _ _ _ _ _ _ _ _ _ _ _ _ _ _ _ _ _ _ _ _ _ _ _ _ _ _ _ _ _ _ _ _ _ _ _ _ _ _ _ \nsrc/ui/actions/user_management_actions/user_management.py:565: in verify_edit_establishment_delegator_section\n    self.click_btn_edit()\nsrc/ui/pages/user_management_pages/add_new_establishment_delegator_page.py:132: in click_btn_edit\n    command.js.scroll_into_view(self.main_text)\nvenv/lib/python3.10/site-packages/selene/core/wait.py:61: in __call__\n    return self._fn(entity)\nvenv/lib/python3.10/site-packages/selene/core/command.py:154: in <lambda>\n    lambda element: element.execute_script('element.scrollIntoView(true)'),\nvenv/lib/python3.10/site-packages/selene/core/entity.py:286: in execute_script\n    webelement = self()\nvenv/lib/python3.10/site-packages/selene/core/entity.py:196: in __call__\n    return self.locate()\nvenv/lib/python3.10/site-packages/selene/core/entity.py:189: in locate\n    return self._locator()\nvenv/lib/python3.10/site-packages/selene/core/locator.py:34: in __call__\n    return self._locate()\nvenv/lib/python3.10/site-packages/selene/core/entity.py:1133: in <lambda>\n    Locator(f'{self}.element({by})', lambda: self.driver.find_element(*by)),\nvenv/lib/python3.10/site-packages/selenium/webdriver/remote/webdriver.py:738: in find_element\n    return self.execute(Command.FIND_ELEMENT, {\"using\": by, \"value\": value})[\"value\"]\nvenv/lib/python3.10/site-packages/selenium/webdriver/remote/webdriver.py:344: in execute\n    self.error_handler.check_response(response)\n_ _ _ _ _ _ _ _ _ _ _ _ _ _ _ _ _ _ _ _ _ _ _ _ _ _ _ _ _ _ _ _ _ _ _ _ _ _ _ _ _ _ _ _ _ _ _ _ _ _ _ _ _ _ _ _ _ _ _ _ _ _ _ _ _ _ _ _ _ _ _ _ _ _ _ _ _ _ _ _ _ _ _ _ _ _ _ _ _ _ _ _ _ _ _ _ _ _ _ _ _ _ _ _ _ _ _ _ _ _ _ _ _ _ _ _ \n\nself = <selenium.webdriver.remote.errorhandler.ErrorHandler object at 0x113dd4310>\nresponse = {'status': 404, 'value': '{\"value\":{\"error\":\"no such element\",\"message\":\"no such element: Unable to locate element: {\\...ff8132701d3 _pthread_start + 125\\\\n20  libsystem_pthread.dylib             0x00007ff81326bbd3 thread_start + 15\\\\n\"}}'}\n\n    def check_response(self, response: Dict[str, Any]) -> None:\n        \"\"\"Checks that a JSON response from the WebDriver does not have an\n        error.\n    \n        :Args:\n         - response - The JSON response from the WebDriver server as a dictionary\n           object.\n    \n        :Raises: If the response contains an error message.\n        \"\"\"\n        status = response.get(\"status\", None)\n        if not status or status == ErrorCode.SUCCESS:\n            return\n        value = None\n        message = response.get(\"message\", \"\")\n        screen: str = response.get(\"screen\", \"\")\n        stacktrace = None\n        if isinstance(status, int):\n            value_json = response.get(\"value\", None)\n            if value_json and isinstance(value_json, str):\n                import json\n    \n                try:\n                    value = json.loads(value_json)\n                    if len(value) == 1:\n                        value = value[\"value\"]\n                    status = value.get(\"error\", None)\n                    if not status:\n                        status = value.get(\"status\", ErrorCode.UNKNOWN_ERROR)\n                        message = value.get(\"value\") or value.get(\"message\")\n                        if not isinstance(message, str):\n                            value = message\n                            message = message.get(\"message\")\n                    else:\n                        message = value.get(\"message\", None)\n                except ValueError:\n                    pass\n    \n        exception_class: Type[WebDriverException]\n        e = ErrorCode()\n        error_codes = [item for item in dir(e) if not item.startswith(\"__\")]\n        for error_code in error_codes:\n            error_info = getattr(ErrorCode, error_code)\n            if isinstance(error_info, list) and status in error_info:\n                exception_class = getattr(ExceptionMapping, error_code, WebDriverException)\n                break\n        else:\n            exception_class = WebDriverException\n    \n        if not value:\n            value = response[\"value\"]\n        if isinstance(value, str):\n            raise exception_class(value)\n        if message == \"\" and \"message\" in value:\n            message = value[\"message\"]\n    \n        screen = None  # type: ignore[assignment]\n        if \"screen\" in value:\n            screen = value[\"screen\"]\n    \n        stacktrace = None\n        st_value = value.get(\"stackTrace\") or value.get(\"stacktrace\")\n        if st_value:\n            if isinstance(st_value, str):\n                stacktrace = st_value.split(\"\\n\")\n            else:\n                stacktrace = []\n                try:\n                    for frame in st_value:\n                        line = frame.get(\"lineNumber\", \"\")\n                        file = frame.get(\"fileName\", \"<anonymous>\")\n                        if line:\n                            file = f\"{file}:{line}\"\n                        meth = frame.get(\"methodName\", \"<anonymous>\")\n                        if \"className\" in frame:\n                            meth = f\"{frame['className']}.{meth}\"\n                        msg = \"    at %s (%s)\"\n                        msg = msg % (meth, file)\n                        stacktrace.append(msg)\n                except TypeError:\n                    pass\n        if exception_class == UnexpectedAlertPresentException:\n            alert_text = None\n            if \"data\" in value:\n                alert_text = value[\"data\"].get(\"text\")\n            elif \"alert\" in value:\n                alert_text = value[\"alert\"].get(\"text\")\n            raise exception_class(message, screen, stacktrace, alert_text)  # type: ignore[call-arg]  # mypy is not smart enough here\n>       raise exception_class(message, screen, stacktrace)\nE       selenium.common.exceptions.NoSuchElementException: Message: no such element: Unable to locate element: {\"method\":\"xpath\",\"selector\":\"//p[contains(text(), 'Establishment and user details')]\"}\nE         (Session info: chrome=120.0.6099.109); For documentation on this error, please visit: https://www.selenium.dev/documentation/webdriver/troubleshooting/errors#no-such-element-exception\nE       Stacktrace:\nE       0   chromedriver                        0x000000010ef96cc8 chromedriver + 4844744\nE       1   chromedriver                        0x000000010ef8e243 chromedriver + 4809283\nE       2   chromedriver                        0x000000010eb5c77d chromedriver + 411517\nE       3   chromedriver                        0x000000010ebacee0 chromedriver + 741088\nE       4   chromedriver                        0x000000010ebad091 chromedriver + 741521\nE       5   chromedriver                        0x000000010ebf8ab4 chromedriver + 1051316\nE       6   chromedriver                        0x000000010ebd6ced chromedriver + 912621\nE       7   chromedriver                        0x000000010ebf5d42 chromedriver + 1039682\nE       8   chromedriver                        0x000000010ebd6a63 chromedriver + 911971\nE       9   chromedriver                        0x000000010eb9e1b3 chromedriver + 680371\nE       10  chromedriver                        0x000000010eb9f7ce chromedriver + 686030\nE       11  chromedriver                        0x000000010ef56642 chromedriver + 4580930\nE       12  chromedriver                        0x000000010ef5b9cc chromedriver + 4602316\nE       13  chromedriver                        0x000000010ef3be11 chromedriver + 4472337\nE       14  chromedriver                        0x000000010ef5c746 chromedriver + 4605766\nE       15  chromedriver                        0x000000010ef2d39c chromedriver + 4412316\nE       16  chromedriver                        0x000000010ef7c868 chromedriver + 4737128\nE       17  chromedriver                        0x000000010ef7ca1e chromedriver + 4737566\nE       18  chromedriver                        0x000000010ef8de83 chromedriver + 4808323\nE       19  libsystem_pthread.dylib             0x00007ff8132701d3 _pthread_start + 125\nE       20  libsystem_pthread.dylib             0x00007ff81326bbd3 thread_start + 15\n\nvenv/lib/python3.10/site-packages/selenium/webdriver/remote/errorhandler.py:229: NoSuchElementException"}, "steps": [{"name": "Test verify the 'New Establishment Delegator selected' section and ability to Edit it", "status": "broken", "statusDetails": {"message": "selenium.common.exceptions.NoSuchElementException: Message: no such element: Unable to locate element: {\"method\":\"xpath\",\"selector\":\"//p[contains(text(), 'Establishment and user details')]\"}\n  (Session info: chrome=120.0.6099.109); For documentation on this error, please visit: https://www.selenium.dev/documentation/webdriver/troubleshooting/errors#no-such-element-exception\nStacktrace:\n0   chromedriver                        0x000000010ef96cc8 chromedriver + 4844744\n1   chromedriver                        0x000000010ef8e243 chromedriver + 4809283\n2   chromedriver                        0x000000010eb5c77d chromedriver + 411517\n3   chromedriver                        0x000000010ebacee0 chromedriver + 741088\n4   chromedriver                        0x000000010ebad091 chromedriver + 741521\n5   chromedriver                        0x000000010ebf8ab4 chromedriver + 1051316\n6   chromedriver                        0x000000010ebd6ced chromedriver + 912621\n7   chromedriver                        0x000000010ebf5d42 chromedriver + 1039682\n8   chromedriver                        0x000000010ebd6a63 chromedriver + 911971\n9   chromedriver                        0x000000010eb9e1b3 chromedriver + 680371\n10  chromedriver                        0x000000010eb9f7ce chromedriver + 686030\n11  chromedriver                        0x000000010ef56642 chromedriver + 4580930\n12  chromedriver                        0x000000010ef5b9cc chromedriver + 4602316\n13  chromedriver                        0x000000010ef3be11 chromedriver + 4472337\n14  chromedriver                        0x000000010ef5c746 chromedriver + 4605766\n15  chromedriver                        0x000000010ef2d39c chromedriver + 4412316\n16  chromedriver                        0x000000010ef7c868 chromedriver + 4737128\n17  chromedriver                        0x000000010ef7ca1e chromedriver + 4737566\n18  chromedriver                        0x000000010ef8de83 chromedriver + 4808323\n19  libsystem_pthread.dylib             0x00007ff8132701d3 _pthread_start + 125\n20  libsystem_pthread.dylib             0x00007ff81326bbd3 thread_start + 15\n\n", "trace": "  File \"/Users/olehlazeba/PycharmProjects/qiwa-automation/venv/lib/python3.10/site-packages/allure_commons/_allure.py\", line 192, in impl\n    return func(*a, **kw)\n  File \"/Users/olehlazeba/PycharmProjects/qiwa-automation/utils/allure.py\", line 37, in wrapper\n    return func(*args, **kwargs)\n  File \"/Users/olehlazeba/PycharmProjects/qiwa-automation/tests/ui/user_management/test_user_management.py\", line 362, in test_verify_btn_edit\n    .verify_edit_establishment_delegator_section(user_one, user_two)\n  File \"/Users/olehlazeba/PycharmProjects/qiwa-automation/venv/lib/python3.10/site-packages/allure_commons/_allure.py\", line 192, in impl\n    return func(*a, **kw)\n  File \"/Users/olehlazeba/PycharmProjects/qiwa-automation/src/ui/actions/user_management_actions/user_management.py\", line 565, in verify_edit_establishment_delegator_section\n    self.click_btn_edit()\n  File \"/Users/olehlazeba/PycharmProjects/qiwa-automation/venv/lib/python3.10/site-packages/allure_commons/_allure.py\", line 192, in impl\n    return func(*a, **kw)\n  File \"/Users/olehlazeba/PycharmProjects/qiwa-automation/src/ui/pages/user_management_pages/add_new_establishment_delegator_page.py\", line 132, in click_btn_edit\n    command.js.scroll_into_view(self.main_text)\n  File \"/Users/olehlazeba/PycharmProjects/qiwa-automation/venv/lib/python3.10/site-packages/selene/core/wait.py\", line 61, in __call__\n    return self._fn(entity)\n  File \"/Users/olehlazeba/PycharmProjects/qiwa-automation/venv/lib/python3.10/site-packages/selene/core/command.py\", line 154, in <lambda>\n    lambda element: element.execute_script('element.scrollIntoView(true)'),\n  File \"/Users/olehlazeba/PycharmProjects/qiwa-automation/venv/lib/python3.10/site-packages/selene/core/entity.py\", line 286, in execute_script\n    webelement = self()\n  File \"/Users/olehlazeba/PycharmProjects/qiwa-automation/venv/lib/python3.10/site-packages/selene/core/entity.py\", line 196, in __call__\n    return self.locate()\n  File \"/Users/olehlazeba/PycharmProjects/qiwa-automation/venv/lib/python3.10/site-packages/selene/core/entity.py\", line 189, in locate\n    return self._locator()\n  File \"/Users/olehlazeba/PycharmProjects/qiwa-automation/venv/lib/python3.10/site-packages/selene/core/locator.py\", line 34, in __call__\n    return self._locate()\n  File \"/Users/olehlazeba/PycharmProjects/qiwa-automation/venv/lib/python3.10/site-packages/selene/core/entity.py\", line 1133, in <lambda>\n    Locator(f'{self}.element({by})', lambda: self.driver.find_element(*by)),\n  File \"/Users/olehlazeba/PycharmProjects/qiwa-automation/venv/lib/python3.10/site-packages/selenium/webdriver/remote/webdriver.py\", line 738, in find_element\n    return self.execute(Command.FIND_ELEMENT, {\"using\": by, \"value\": value})[\"value\"]\n  File \"/Users/olehlazeba/PycharmProjects/qiwa-automation/venv/lib/python3.10/site-packages/selenium/webdriver/remote/webdriver.py\", line 344, in execute\n    self.error_handler.check_response(response)\n  File \"/Users/olehlazeba/PycharmProjects/qiwa-automation/venv/lib/python3.10/site-packages/selenium/webdriver/remote/errorhandler.py\", line 229, in check_response\n    raise exception_class(message, screen, stacktrace)\n"}, "steps": [{"name": "login_as_user", "status": "passed", "steps": [{"name": "Login '1014157000' via Laborer SSO API", "status": "passed", "steps": [{"name": "[200] POST /oauth/init", "status": "passed", "attachments": [{"name": "JSON Request body", "source": "8b17aff0-366a-45fd-8276-5e3ac23fa0ea-attachment.json", "type": "application/json"}, {"name": "JSON Response body", "source": "fc7180de-e315-4367-b5db-66753ddef8c0-attachment.json", "type": "application/json"}], "start": 1703166365954, "stop": 1703166365956}, {"name": "Assert that status_code equals 200", "status": "passed", "start": 1703166365957, "stop": 1703166365957}, {"name": "login", "status": "passed", "steps": [{"name": "[200] POST /session/login", "status": "passed", "attachments": [{"name": "JSON Request body", "source": "d7af43c0-2a97-4e6b-860a-04269c27f062-attachment.json", "type": "application/json"}, {"name": "JSON Response body", "source": "086731c8-cb78-41d5-abd5-1e50d3367d62-attachment.json", "type": "application/json"}], "start": 1703166367302, "stop": 1703166367331}, {"name": "Assert that status_code equals 200", "status": "passed", "start": 1703166367332, "stop": 1703166367332}], "parameters": [{"name": "login", "value": "'1014157000'"}, {"name": "password", "value": "'123456789aA@'"}, {"name": "expected_code", "value": "200"}], "start": 1703166365958, "stop": 1703166367332}, {"name": "login_with_otp", "status": "passed", "steps": [{"name": "[200] POST /session/login-with-otp", "status": "passed", "attachments": [{"name": "JSON Request body", "source": "f58ee9e1-e0c6-4381-8e3e-047e553d9dd6-attachment.json", "type": "application/json"}, {"name": "JSON Response body", "source": "eae31e79-bf1c-4f6c-8c82-96389b98de2d-attachment.json", "type": "application/json"}], "start": 1703166367983, "stop": 1703166367985}, {"name": "Assert that status_code equals 200", "status": "passed", "start": 1703166367985, "stop": 1703166367985}], "parameters": [{"name": "otp_code", "value": "'0000'"}, {"name": "expected_code", "value": "200"}], "start": 1703166367333, "stop": 1703166367985}, {"name": "[302] POST /authorize?client_id=qiwa&redirect_uri=https%3A%2F%2Fauth.qiwa.info%2Foauth%2Fcallback&response_type=code&scope=openid+email+phone+profile&code_challenge_method=S256&state=kCFV_CkkVttnRsUmxIY_hD909GwRkjs20yalTuLp9R8&code_challenge=p4SKkAjegiIdQGlYdMWfvxsu9ibwClTK0V0Xpqa4rBk", "status": "passed", "start": 1703166368166, "stop": 1703166368166}, {"name": "Assert that status_code equals 302", "status": "passed", "start": 1703166368171, "stop": 1703166368171}, {"name": "[200] POST /oauth/callback", "status": "passed", "attachments": [{"name": "JSON Request body", "source": "231ee6d2-0635-4d77-8471-7e6a88884250-attachment.json", "type": "application/json"}, {"name": "JSON Response body", "source": "2fe556a6-1333-4fec-83b3-65165caa7468-attachment.json", "type": "application/json"}], "start": 1703166369050, "stop": 1703166369052}, {"name": "Assert that status_code equals 200", "status": "passed", "start": 1703166369053, "stop": 1703166369053}], "parameters": [{"name": "personal_number", "value": "'1014157000'"}, {"name": "password", "value": "'123456789aA@'"}], "start": 1703166365341, "stop": 1703166369053}], "parameters": [{"name": "personal_number", "value": "'1014157000'"}, {"name": "password", "value": "'123456789aA@'"}], "start": 1703166365339, "stop": 1703166369053}, {"name": "select_company", "status": "passed", "steps": [{"name": "select_company_with_sequence_number", "status": "passed", "steps": [{"name": "get_workspaces", "status": "passed", "steps": [{"name": "[200] GET /context/workspaces", "status": "passed", "attachments": [{"name": "JSON Response body", "source": "af1844f3-66fe-401d-8673-b107bad4155c-attachment.json", "type": "application/json"}], "start": 1703166369925, "stop": 1703166369927}], "start": 1703166369054, "stop": 1703166369928}, {"name": "select_company_by_id", "status": "passed", "steps": [{"name": "[200] PATCH /context/company/31101", "status": "passed", "start": 1703166371360, "stop": 1703166371361}], "parameters": [{"name": "company_id", "value": "31101"}, {"name": "status_code", "value": "200"}], "start": 1703166369928, "stop": 1703166371361}], "parameters": [{"name": "number", "value": "157949"}], "start": 1703166369054, "stop": 1703166371361}], "parameters": [{"name": "sequence_number", "value": "157949"}], "start": 1703166369054, "stop": 1703166371361}, {"name": "[200] GET /context", "status": "passed", "attachments": [{"name": "JSON Response body", "source": "0c66de7e-6ef2-4499-95c9-50fab0464ba9-attachment.json", "type": "application/json"}], "start": 1703166371504, "stop": 1703166371505}, {"name": "Assert that status_code equals 200", "status": "passed", "start": 1703166371506, "stop": 1703166371506}, {"name": "open_user_management_page", "status": "passed", "start": 1703166371506, "stop": 1703166372509}, {"name": "element('xpath', \"//div[contains(@data-testid, 'user-table')]//tbody\"): should be visible", "status": "passed", "start": 1703166372518, "stop": 1703166379181}, {"name": "change_local", "status": "passed", "steps": [{"name": "change_local", "status": "passed", "steps": [{"name": "element('xpath', '//*[@data-component=\"Navigation\"]//p[contains(text(), \"AR\") or contains(text(), \"EN\") or contains(text(), \"Ø¹\")]'): click", "status": "passed", "start": 1703166379181, "stop": 1703166379241}, {"name": "element('xpath', '//p[contains(text(), \"English (EN)\")]'): click", "status": "passed", "start": 1703166379241, "stop": 1703166379292}], "parameters": [{"name": "language", "value": "'en'"}], "start": 1703166379181, "stop": 1703166379292}], "parameters": [{"name": "a", "value": "(<src.ui.components.header.Header object at 0x113a29cc0>, 'en')"}], "start": 1703166379181, "stop": 1703166379292}, {"name": "check_open_add_establishment_delegator_page", "status": "passed", "steps": [{"name": "element(\"[data-testid='add-user-btn'] p\"): click", "status": "passed", "start": 1703166379294, "stop": 1703166379416}, {"name": "element('xpath', \"//p[contains(text(), 'Establishment and user details')]\"): should be visible", "status": "passed", "start": 1703166379416, "stop": 1703166380122}, {"name": "click_btn_proceed_subscription", "status": "passed", "steps": [{"name": "all('xpath', \"//button//p[contains(text(), 'Proceed with subscription')]\")[0]: should be visible", "status": "passed", "start": 1703166380123, "stop": 1703166380141}, {"name": "all('xpath', \"//button//p[contains(text(), 'Proceed with subscription')]\")[0]: click", "status": "passed", "start": 1703166380141, "stop": 1703166380210}], "parameters": [{"name": "number", "value": "None"}], "start": 1703166380122, "stop": 1703166380210}, {"name": "element('xpath', \"//p[contains(text(), 'Add new Establishment Delegator')]\"): should be visible", "status": "passed", "start": 1703166380210, "stop": 1703166380261}], "start": 1703166379293, "stop": 1703166380261}, {"name": "verify_possibility_add_few_users_as_delegator", "status": "passed", "steps": [{"name": "upload_establishment_delegator_data", "status": "passed", "steps": [{"name": "element('xpath', \"//*[@id='user_nid']\"): should be visible", "status": "passed", "start": 1703166380262, "stop": 1703166380280}, {"name": "element('xpath', \"//*[@id='user_nid']\"): set value by js: ", "status": "passed", "start": 1703166380280, "stop": 1703166380289}, {"name": "element('xpath', \"//*[@id='user_nid']\"): type: 1016725267", "status": "passed", "start": 1703166380290, "stop": 1703166380441}, {"name": "element('xpath', \"//button//p[contains(text(), 'Upload user data')]\"): should be visible", "status": "passed", "start": 1703166380441, "stop": 1703166380470}, {"name": "element('xpath', \"//button//p[contains(text(), 'Upload user data')]\"): click", "status": "passed", "start": 1703166380470, "stop": 1703166380531}], "parameters": [{"name": "personal_number", "value": "'1016725267'"}], "start": 1703166380262, "stop": 1703166380531}, {"name": "verify_user_identity", "status": "passed", "steps": [{"name": "element('xpath', \"//*[@id='root']//table//tr[1]//p[2]\"): should be visible", "status": "passed", "start": 1703166380531, "stop": 1703166381129}, {"name": "element('xpath', \"//*[@id='root']//table//tr[2]//p[2]\"): should have exact text 1016725267", "status": "passed", "start": 1703166381130, "stop": 1703166381154}], "parameters": [{"name": "personal_number", "value": "'1016725267'"}], "start": 1703166380531, "stop": 1703166381154}, {"name": "click_btn_add_establishment_delegator", "status": "passed", "steps": [{"name": "element('xpath', \"//p[contains(text(), 'Add Establishment Delegator')]\"): should be visible", "status": "passed", "start": 1703166381154, "stop": 1703166381169}, {"name": "element('xpath', \"//p[contains(text(), 'Add Establishment Delegator')]\"): click", "status": "passed", "start": 1703166381169, "stop": 1703166382304}], "start": 1703166381154, "stop": 1703166382304}, {"name": "verify_add_selected_user", "status": "passed", "steps": [{"name": "element('xpath', \"//td[contains(text(), '1016725267')]\"): should be visible", "status": "passed", "start": 1703166382304, "stop": 1703166382327}], "parameters": [{"name": "personal_number", "value": "'1016725267'"}], "start": 1703166382304, "stop": 1703166382327}, {"name": "verify_total_selected", "status": "passed", "steps": [{"name": "element('xpath', \"//p[contains(text(), 'Number of added users')]/../p[2]\"): should have exact text 1", "status": "passed", "start": 1703166382327, "stop": 1703166382342}, {"name": "element('xpath', \"//p[contains(text(), 'Subscription period')]/../p[2]\"): should have text 1 year", "status": "passed", "start": 1703166382342, "stop": 1703166382356}, {"name": "element('xpath', \"//p[contains(text(), 'Total')]/../div/p/span[1]\"): should be visible", "status": "passed", "start": 1703166382356, "stop": 1703166382642}, {"name": "element('xpath', \"//p[contains(text(), 'Total')]/../div/p/span[1]\"): should have text SAR", "status": "passed", "start": 1703166382642, "stop": 1703166382654}], "parameters": [{"name": "args", "value": "(User(personal_number='1016725267', labor_office_id='1', sequence_number='1407860', office_id=None, establishment_name_ar=None, establishment_number=None, occupation=None, name=None, user_id=1831396, unified_number_id=1365041, establishment_id=None),)"}], "start": 1703166382327, "stop": 1703166382654}], "parameters": [{"name": "args", "value": "(User(personal_number='1016725267', labor_office_id='1', sequence_number='1407860', office_id=None, establishment_name_ar=None, establishment_number=None, occupation=None, name=None, user_id=1831396, unified_number_id=1365041, establishment_id=None),)"}], "start": 1703166380262, "stop": 1703166382654}, {"name": "verify_edit_establishment_delegator_section", "status": "broken", "statusDetails": {"message": "selenium.common.exceptions.NoSuchElementException: Message: no such element: Unable to locate element: {\"method\":\"xpath\",\"selector\":\"//p[contains(text(), 'Establishment and user details')]\"}\n  (Session info: chrome=120.0.6099.109); For documentation on this error, please visit: https://www.selenium.dev/documentation/webdriver/troubleshooting/errors#no-such-element-exception\nStacktrace:\n0   chromedriver                        0x000000010ef96cc8 chromedriver + 4844744\n1   chromedriver                        0x000000010ef8e243 chromedriver + 4809283\n2   chromedriver                        0x000000010eb5c77d chromedriver + 411517\n3   chromedriver                        0x000000010ebacee0 chromedriver + 741088\n4   chromedriver                        0x000000010ebad091 chromedriver + 741521\n5   chromedriver                        0x000000010ebf8ab4 chromedriver + 1051316\n6   chromedriver                        0x000000010ebd6ced chromedriver + 912621\n7   chromedriver                        0x000000010ebf5d42 chromedriver + 1039682\n8   chromedriver                        0x000000010ebd6a63 chromedriver + 911971\n9   chromedriver                        0x000000010eb9e1b3 chromedriver + 680371\n10  chromedriver                        0x000000010eb9f7ce chromedriver + 686030\n11  chromedriver                        0x000000010ef56642 chromedriver + 4580930\n12  chromedriver                        0x000000010ef5b9cc chromedriver + 4602316\n13  chromedriver                        0x000000010ef3be11 chromedriver + 4472337\n14  chromedriver                        0x000000010ef5c746 chromedriver + 4605766\n15  chromedriver                        0x000000010ef2d39c chromedriver + 4412316\n16  chromedriver                        0x000000010ef7c868 chromedriver + 4737128\n17  chromedriver                        0x000000010ef7ca1e chromedriver + 4737566\n18  chromedriver                        0x000000010ef8de83 chromedriver + 4808323\n19  libsystem_pthread.dylib             0x00007ff8132701d3 _pthread_start + 125\n20  libsystem_pthread.dylib             0x00007ff81326bbd3 thread_start + 15\n\n", "trace": "  File \"/Users/olehlazeba/PycharmProjects/qiwa-automation/venv/lib/python3.10/site-packages/allure_commons/_allure.py\", line 192, in impl\n    return func(*a, **kw)\n  File \"/Users/olehlazeba/PycharmProjects/qiwa-automation/src/ui/actions/user_management_actions/user_management.py\", line 565, in verify_edit_establishment_delegator_section\n    self.click_btn_edit()\n  File \"/Users/olehlazeba/PycharmProjects/qiwa-automation/venv/lib/python3.10/site-packages/allure_commons/_allure.py\", line 192, in impl\n    return func(*a, **kw)\n  File \"/Users/olehlazeba/PycharmProjects/qiwa-automation/src/ui/pages/user_management_pages/add_new_establishment_delegator_page.py\", line 132, in click_btn_edit\n    command.js.scroll_into_view(self.main_text)\n  File \"/Users/olehlazeba/PycharmProjects/qiwa-automation/venv/lib/python3.10/site-packages/selene/core/wait.py\", line 61, in __call__\n    return self._fn(entity)\n  File \"/Users/olehlazeba/PycharmProjects/qiwa-automation/venv/lib/python3.10/site-packages/selene/core/command.py\", line 154, in <lambda>\n    lambda element: element.execute_script('element.scrollIntoView(true)'),\n  File \"/Users/olehlazeba/PycharmProjects/qiwa-automation/venv/lib/python3.10/site-packages/selene/core/entity.py\", line 286, in execute_script\n    webelement = self()\n  File \"/Users/olehlazeba/PycharmProjects/qiwa-automation/venv/lib/python3.10/site-packages/selene/core/entity.py\", line 196, in __call__\n    return self.locate()\n  File \"/Users/olehlazeba/PycharmProjects/qiwa-automation/venv/lib/python3.10/site-packages/selene/core/entity.py\", line 189, in locate\n    return self._locator()\n  File \"/Users/olehlazeba/PycharmProjects/qiwa-automation/venv/lib/python3.10/site-packages/selene/core/locator.py\", line 34, in __call__\n    return self._locate()\n  File \"/Users/olehlazeba/PycharmProjects/qiwa-automation/venv/lib/python3.10/site-packages/selene/core/entity.py\", line 1133, in <lambda>\n    Locator(f'{self}.element({by})', lambda: self.driver.find_element(*by)),\n  File \"/Users/olehlazeba/PycharmProjects/qiwa-automation/venv/lib/python3.10/site-packages/selenium/webdriver/remote/webdriver.py\", line 738, in find_element\n    return self.execute(Command.FIND_ELEMENT, {\"using\": by, \"value\": value})[\"value\"]\n  File \"/Users/olehlazeba/PycharmProjects/qiwa-automation/venv/lib/python3.10/site-packages/selenium/webdriver/remote/webdriver.py\", line 344, in execute\n    self.error_handler.check_response(response)\n  File \"/Users/olehlazeba/PycharmProjects/qiwa-automation/venv/lib/python3.10/site-packages/selenium/webdriver/remote/errorhandler.py\", line 229, in check_response\n    raise exception_class(message, screen, stacktrace)\n"}, "steps": [{"name": "click_btn_next_step", "status": "passed", "steps": [{"name": "element('xpath', \"//p[contains(text(), 'Next step')]\"): click", "status": "passed", "start": 1703166387659, "stop": 1703166388808}], "start": 1703166387658, "stop": 1703166388808}, {"name": "click_btn_edit", "status": "broken", "statusDetails": {"message": "selenium.common.exceptions.NoSuchElementException: Message: no such element: Unable to locate element: {\"method\":\"xpath\",\"selector\":\"//p[contains(text(), 'Establishment and user details')]\"}\n  (Session info: chrome=120.0.6099.109); For documentation on this error, please visit: https://www.selenium.dev/documentation/webdriver/troubleshooting/errors#no-such-element-exception\nStacktrace:\n0   chromedriver                        0x000000010ef96cc8 chromedriver + 4844744\n1   chromedriver                        0x000000010ef8e243 chromedriver + 4809283\n2   chromedriver                        0x000000010eb5c77d chromedriver + 411517\n3   chromedriver                        0x000000010ebacee0 chromedriver + 741088\n4   chromedriver                        0x000000010ebad091 chromedriver + 741521\n5   chromedriver                        0x000000010ebf8ab4 chromedriver + 1051316\n6   chromedriver                        0x000000010ebd6ced chromedriver + 912621\n7   chromedriver                        0x000000010ebf5d42 chromedriver + 1039682\n8   chromedriver                        0x000000010ebd6a63 chromedriver + 911971\n9   chromedriver                        0x000000010eb9e1b3 chromedriver + 680371\n10  chromedriver                        0x000000010eb9f7ce chromedriver + 686030\n11  chromedriver                        0x000000010ef56642 chromedriver + 4580930\n12  chromedriver                        0x000000010ef5b9cc chromedriver + 4602316\n13  chromedriver                        0x000000010ef3be11 chromedriver + 4472337\n14  chromedriver                        0x000000010ef5c746 chromedriver + 4605766\n15  chromedriver                        0x000000010ef2d39c chromedriver + 4412316\n16  chromedriver                        0x000000010ef7c868 chromedriver + 4737128\n17  chromedriver                        0x000000010ef7ca1e chromedriver + 4737566\n18  chromedriver                        0x000000010ef8de83 chromedriver + 4808323\n19  libsystem_pthread.dylib             0x00007ff8132701d3 _pthread_start + 125\n20  libsystem_pthread.dylib             0x00007ff81326bbd3 thread_start + 15\n\n", "trace": "  File \"/Users/olehlazeba/PycharmProjects/qiwa-automation/venv/lib/python3.10/site-packages/allure_commons/_allure.py\", line 192, in impl\n    return func(*a, **kw)\n  File \"/Users/olehlazeba/PycharmProjects/qiwa-automation/src/ui/pages/user_management_pages/add_new_establishment_delegator_page.py\", line 132, in click_btn_edit\n    command.js.scroll_into_view(self.main_text)\n  File \"/Users/olehlazeba/PycharmProjects/qiwa-automation/venv/lib/python3.10/site-packages/selene/core/wait.py\", line 61, in __call__\n    return self._fn(entity)\n  File \"/Users/olehlazeba/PycharmProjects/qiwa-automation/venv/lib/python3.10/site-packages/selene/core/command.py\", line 154, in <lambda>\n    lambda element: element.execute_script('element.scrollIntoView(true)'),\n  File \"/Users/olehlazeba/PycharmProjects/qiwa-automation/venv/lib/python3.10/site-packages/selene/core/entity.py\", line 286, in execute_script\n    webelement = self()\n  File \"/Users/olehlazeba/PycharmProjects/qiwa-automation/venv/lib/python3.10/site-packages/selene/core/entity.py\", line 196, in __call__\n    return self.locate()\n  File \"/Users/olehlazeba/PycharmProjects/qiwa-automation/venv/lib/python3.10/site-packages/selene/core/entity.py\", line 189, in locate\n    return self._locator()\n  File \"/Users/olehlazeba/PycharmProjects/qiwa-automation/venv/lib/python3.10/site-packages/selene/core/locator.py\", line 34, in __call__\n    return self._locate()\n  File \"/Users/olehlazeba/PycharmProjects/qiwa-automation/venv/lib/python3.10/site-packages/selene/core/entity.py\", line 1133, in <lambda>\n    Locator(f'{self}.element({by})', lambda: self.driver.find_element(*by)),\n  File \"/Users/olehlazeba/PycharmProjects/qiwa-automation/venv/lib/python3.10/site-packages/selenium/webdriver/remote/webdriver.py\", line 738, in find_element\n    return self.execute(Command.FIND_ELEMENT, {\"using\": by, \"value\": value})[\"value\"]\n  File \"/Users/olehlazeba/PycharmProjects/qiwa-automation/venv/lib/python3.10/site-packages/selenium/webdriver/remote/webdriver.py\", line 344, in execute\n    self.error_handler.check_response(response)\n  File \"/Users/olehlazeba/PycharmProjects/qiwa-automation/venv/lib/python3.10/site-packages/selenium/webdriver/remote/errorhandler.py\", line 229, in check_response\n    raise exception_class(message, screen, stacktrace)\n"}, "start": 1703166393811, "stop": 1703166393827}], "parameters": [{"name": "args", "value": "(User(personal_number='1016725267', labor_office_id='1', sequence_number='1407860', office_id=None, establishment_name_ar=None, establishment_number=None, occupation=None, name=None, user_id=1831396, unified_number_id=1365041, establishment_id=None), User(personal_number='1055034217', labor_office_id='14', sequence_number='117', office_id=None, establishment_name_ar=None, establishment_number=None, occupation=None, name=None, user_id=1588485, unified_number_id=5610, establishment_id=None))"}], "start": 1703166382654, "stop": 1703166393831}], "parameters": [{"name": "subscriber", "value": "User(personal_number='1014157000', labor_office_id='9', sequence_number='157949', office_id=None, establishment_name_ar=None, establishment_number=None, occupation=None, name=None, user_id=1668068, unified_number_id=1315525, establishment_id=None)"}, {"name": "user_one", "value": "User(personal_number='1016725267', labor_office_id='1', sequence_number='1407860', office_id=None, establishment_name_ar=None, establishment_number=None, occupation=None, name=None, user_id=1831396, unified_number_id=1365041, establishment_id=None)"}, {"name": "user_two", "value": "User(personal_number='1055034217', labor_office_id='14', sequence_number='117', office_id=None, establishment_name_ar=None, establishment_number=None, occupation=None, name=None, user_id=1588485, unified_number_id=5610, establishment_id=None)"}], "start": 1703166365338, "stop": 1703166393832}], "attachments": [{"name": "2023-12-21 15:46:33.954549.png", "source": "683df2ac-8829-4682-8c18-897119725742-attachment.png", "type": "image/png"}], "parameters": [{"name": "subscriber", "value": "User(personal_number='1014157000', labor_office_id='9', sequence_number='157949', office_id=None, establishment_name_ar=None, establishment_number=None, occupation=None, name=None, user_id=1668068, unified_number_id=1315525, establishment_id=None)"}, {"name": "user_one", "value": "User(personal_number='1016725267', labor_office_id='1', sequence_number='1407860', office_id=None, establishment_name_ar=None, establishment_number=None, occupation=None, name=None, user_id=1831396, unified_number_id=1365041, establishment_id=None)"}, {"name": "user_two", "value": "User(personal_number='1055034217', labor_office_id='14', sequence_number='117', office_id=None, establishment_name_ar=None, establishment_number=None, occupation=None, name=None, user_id=1588485, unified_number_id=5610, establishment_id=None)"}], "start": 1703166365337, "stop": 1703166393833, "uuid": "0f7b6eee-80a8-41cb-b817-e2fe9f4cb8b5", "historyId": "4c13342dc3b6504cd82241a5b88bcb17", "testCaseId": "935baa9c3f4d483c536fe098344c913c", "fullName": "tests.ui.user_management.test_user_management#test_verify_btn_edit", "labels": [{"name": "parentSuite", "value": "tests.ui.user_management"}, {"name": "suite", "value": "test_user_management"}, {"name": "host", "value": "Macbook-Pro-Flora.local"}, {"name": "thread", "value": "54235-MainThread"}, {"name": "framework", "value": "pytest"}, {"name": "language", "value": "cpython3"}, {"name": "package", "value": "tests.ui.user_management.test_user_management"}], "links": [{"type": "tms", "url": "https://qiwa.testmo.net/repositories/26?case_id=7894", "name": "Testmo test case (7894)"}]}