{"name": "Check privileges data on Select Privileges modal", "status": "failed", "statusDetails": {"message": "selene.core.exceptions.TimeoutException: Message: \n\nTimed out after 20s, while waiting for:\nbrowser.element(('css selector', \"button[data-testid='view-action'] p\")).is visible\n\nReason: NoSuchElementException: Message: no such element: Unable to locate element: {\"method\":\"css selector\",\"selector\":\"button[data-testid='view-action'] p\"}\n  (Session info: chrome=120.0.6099.109); For documentation on this error, please visit: https://www.selenium.dev/documentation/webdriver/troubleshooting/errors#no-such-element-exception\nStacktrace:\n0   chromedriver                        0x0000000103da1cc8 chromedriver + 4844744\n1   chromedriver                        0x0000000103d99243 chromedriver + 4809283\n2   chromedriver                        0x000000010396777d chromedriver + 411517\n3   chromedriver                        0x00000001039b7ee0 chromedriver + 741088\n4   chromedriver                        0x00000001039b8091 chromedriver + 741521\n5   chromedriver                        0x0000000103a03ab4 chromedriver + 1051316\n6   chromedriver                        0x00000001039e1ced chromedriver + 912621\n7   chromedriver                        0x0000000103a00d42 chromedriver + 1039682\n8   chromedriver                        0x00000001039e1a63 chromedriver + 911971\n9   chromedriver                        0x00000001039a91b3 chromedriver + 680371\n10  chromedriver                        0x00000001039aa7ce chromedriver + 686030\n11  chromedriver                        0x0000000103d61642 chromedriver + 4580930\n12  chromedriver                        0x0000000103d669cc chromedriver + 4602316\n13  chromedriver                        0x0000000103d46e11 chromedriver + 4472337\n14  chromedriver                        0x0000000103d67746 chromedriver + 4605766\n15  chromedriver                        0x0000000103d3839c chromedriver + 4412316\n16  chromedriver                        0x0000000103d87868 chromedriver + 4737128\n17  chromedriver                        0x0000000103d87a1e chromedriver + 4737566\n18  chromedriver                        0x0000000103d98e83 chromedriver + 4808323\n19  libsystem_pthread.dylib             0x00007ff8132701d3 _pthread_start + 125\n20  libsystem_pthread.dylib             0x00007ff81326bbd3 thread_start + 15\n\nScreenshot: file:///Users/olehlazeba/.selene/screenshots/1703165460399/1703165460400.png\nPageSource: file:///Users/olehlazeba/.selene/screenshots/1703165460399/1703165460400.html", "trace": "fn = <selene.core.conditions.ElementCondition object at 0x1133d9360>\n\n    def logic(fn: Callable[[E], R]) -> R:\n        finish_time = time.time() + self._timeout\n    \n        while True:\n            try:\n>               return fn(self.entity)\n\nvenv/lib/python3.10/site-packages/selene/core/wait.py:119: \n_ _ _ _ _ _ _ _ _ _ _ _ _ _ _ _ _ _ _ _ _ _ _ _ _ _ _ _ _ _ _ _ _ _ _ _ _ _ _ _ _ _ _ _ _ _ _ _ _ _ _ _ _ _ _ _ _ _ _ _ _ _ _ _ _ _ _ _ _ _ _ _ _ _ _ _ _ _ _ _ _ _ _ _ _ _ _ _ _ _ _ _ _ _ _ _ _ _ _ _ _ _ _ _ _ _ _ _ _ _ _ _ _ _ _ _ \nvenv/lib/python3.10/site-packages/selene/core/condition.py:174: in __call__\n    return self._fn(entity)\nvenv/lib/python3.10/site-packages/selene/core/condition.py:121: in fn\n    if not predicate(entity):\nvenv/lib/python3.10/site-packages/selene/core/match.py:37: in <lambda>\n    'is visible', lambda element: element().is_displayed()\nvenv/lib/python3.10/site-packages/selene/core/entity.py:196: in __call__\n    return self.locate()\nvenv/lib/python3.10/site-packages/selene/core/entity.py:189: in locate\n    return self._locator()\nvenv/lib/python3.10/site-packages/selene/core/locator.py:34: in __call__\n    return self._locate()\nvenv/lib/python3.10/site-packages/selene/core/entity.py:1133: in <lambda>\n    Locator(f'{self}.element({by})', lambda: self.driver.find_element(*by)),\nvenv/lib/python3.10/site-packages/selenium/webdriver/remote/webdriver.py:738: in find_element\n    return self.execute(Command.FIND_ELEMENT, {\"using\": by, \"value\": value})[\"value\"]\nvenv/lib/python3.10/site-packages/selenium/webdriver/remote/webdriver.py:344: in execute\n    self.error_handler.check_response(response)\n_ _ _ _ _ _ _ _ _ _ _ _ _ _ _ _ _ _ _ _ _ _ _ _ _ _ _ _ _ _ _ _ _ _ _ _ _ _ _ _ _ _ _ _ _ _ _ _ _ _ _ _ _ _ _ _ _ _ _ _ _ _ _ _ _ _ _ _ _ _ _ _ _ _ _ _ _ _ _ _ _ _ _ _ _ _ _ _ _ _ _ _ _ _ _ _ _ _ _ _ _ _ _ _ _ _ _ _ _ _ _ _ _ _ _ _ \n\nself = <selenium.webdriver.remote.errorhandler.ErrorHandler object at 0x113dd61a0>\nresponse = {'status': 404, 'value': '{\"value\":{\"error\":\"no such element\",\"message\":\"no such element: Unable to locate element: {\\...ff8132701d3 _pthread_start + 125\\\\n20  libsystem_pthread.dylib             0x00007ff81326bbd3 thread_start + 15\\\\n\"}}'}\n\n    def check_response(self, response: Dict[str, Any]) -> None:\n        \"\"\"Checks that a JSON response from the WebDriver does not have an\n        error.\n    \n        :Args:\n         - response - The JSON response from the WebDriver server as a dictionary\n           object.\n    \n        :Raises: If the response contains an error message.\n        \"\"\"\n        status = response.get(\"status\", None)\n        if not status or status == ErrorCode.SUCCESS:\n            return\n        value = None\n        message = response.get(\"message\", \"\")\n        screen: str = response.get(\"screen\", \"\")\n        stacktrace = None\n        if isinstance(status, int):\n            value_json = response.get(\"value\", None)\n            if value_json and isinstance(value_json, str):\n                import json\n    \n                try:\n                    value = json.loads(value_json)\n                    if len(value) == 1:\n                        value = value[\"value\"]\n                    status = value.get(\"error\", None)\n                    if not status:\n                        status = value.get(\"status\", ErrorCode.UNKNOWN_ERROR)\n                        message = value.get(\"value\") or value.get(\"message\")\n                        if not isinstance(message, str):\n                            value = message\n                            message = message.get(\"message\")\n                    else:\n                        message = value.get(\"message\", None)\n                except ValueError:\n                    pass\n    \n        exception_class: Type[WebDriverException]\n        e = ErrorCode()\n        error_codes = [item for item in dir(e) if not item.startswith(\"__\")]\n        for error_code in error_codes:\n            error_info = getattr(ErrorCode, error_code)\n            if isinstance(error_info, list) and status in error_info:\n                exception_class = getattr(ExceptionMapping, error_code, WebDriverException)\n                break\n        else:\n            exception_class = WebDriverException\n    \n        if not value:\n            value = response[\"value\"]\n        if isinstance(value, str):\n            raise exception_class(value)\n        if message == \"\" and \"message\" in value:\n            message = value[\"message\"]\n    \n        screen = None  # type: ignore[assignment]\n        if \"screen\" in value:\n            screen = value[\"screen\"]\n    \n        stacktrace = None\n        st_value = value.get(\"stackTrace\") or value.get(\"stacktrace\")\n        if st_value:\n            if isinstance(st_value, str):\n                stacktrace = st_value.split(\"\\n\")\n            else:\n                stacktrace = []\n                try:\n                    for frame in st_value:\n                        line = frame.get(\"lineNumber\", \"\")\n                        file = frame.get(\"fileName\", \"<anonymous>\")\n                        if line:\n                            file = f\"{file}:{line}\"\n                        meth = frame.get(\"methodName\", \"<anonymous>\")\n                        if \"className\" in frame:\n                            meth = f\"{frame['className']}.{meth}\"\n                        msg = \"    at %s (%s)\"\n                        msg = msg % (meth, file)\n                        stacktrace.append(msg)\n                except TypeError:\n                    pass\n        if exception_class == UnexpectedAlertPresentException:\n            alert_text = None\n            if \"data\" in value:\n                alert_text = value[\"data\"].get(\"text\")\n            elif \"alert\" in value:\n                alert_text = value[\"alert\"].get(\"text\")\n            raise exception_class(message, screen, stacktrace, alert_text)  # type: ignore[call-arg]  # mypy is not smart enough here\n>       raise exception_class(message, screen, stacktrace)\nE       selenium.common.exceptions.NoSuchElementException: Message: no such element: Unable to locate element: {\"method\":\"css selector\",\"selector\":\"button[data-testid='view-action'] p\"}\nE         (Session info: chrome=120.0.6099.109); For documentation on this error, please visit: https://www.selenium.dev/documentation/webdriver/troubleshooting/errors#no-such-element-exception\nE       Stacktrace:\nE       0   chromedriver                        0x0000000103da1cc8 chromedriver + 4844744\nE       1   chromedriver                        0x0000000103d99243 chromedriver + 4809283\nE       2   chromedriver                        0x000000010396777d chromedriver + 411517\nE       3   chromedriver                        0x00000001039b7ee0 chromedriver + 741088\nE       4   chromedriver                        0x00000001039b8091 chromedriver + 741521\nE       5   chromedriver                        0x0000000103a03ab4 chromedriver + 1051316\nE       6   chromedriver                        0x00000001039e1ced chromedriver + 912621\nE       7   chromedriver                        0x0000000103a00d42 chromedriver + 1039682\nE       8   chromedriver                        0x00000001039e1a63 chromedriver + 911971\nE       9   chromedriver                        0x00000001039a91b3 chromedriver + 680371\nE       10  chromedriver                        0x00000001039aa7ce chromedriver + 686030\nE       11  chromedriver                        0x0000000103d61642 chromedriver + 4580930\nE       12  chromedriver                        0x0000000103d669cc chromedriver + 4602316\nE       13  chromedriver                        0x0000000103d46e11 chromedriver + 4472337\nE       14  chromedriver                        0x0000000103d67746 chromedriver + 4605766\nE       15  chromedriver                        0x0000000103d3839c chromedriver + 4412316\nE       16  chromedriver                        0x0000000103d87868 chromedriver + 4737128\nE       17  chromedriver                        0x0000000103d87a1e chromedriver + 4737566\nE       18  chromedriver                        0x0000000103d98e83 chromedriver + 4808323\nE       19  libsystem_pthread.dylib             0x00007ff8132701d3 _pthread_start + 125\nE       20  libsystem_pthread.dylib             0x00007ff81326bbd3 thread_start + 15\n\nvenv/lib/python3.10/site-packages/selenium/webdriver/remote/errorhandler.py:229: NoSuchElementException\n\nDuring handling of the above exception, another exception occurred:\n\n    @allure.title(\"Check privileges data on Select Privileges modal\")\n    @case_id(165303, 7922, 7923)\n    def test_privileges_data():\n        user_management = UserManagementActions()\n        owner = owner_account\n        user = delegator_for_add_and_terminate_subscription_flow\n        qiwa_api = log_in_and_open_user_management(owner, Language.EN)\n        remove_establishment_from_subscription(owner, qiwa_api, [user])\n>       user_management.navigate_to_view_details_page(user.personal_number) \\\n            .open_select_privileges_modal_for_no_access_workspace(user.sequence_number) \\\n            .check_privileges_are_grouped(Privileges.groups_data) \\\n            .check_privileges_are_selected(privilege_names=Privileges.default_ui_privileges, active_state=False) \\\n            .check_privileges_are_unselected(privilege_names=Privileges.ineligible_ui_privileges, active_state=False)\n\ntests/ui/user_management/test_user_management.py:165: \n_ _ _ _ _ _ _ _ _ _ _ _ _ _ _ _ _ _ _ _ _ _ _ _ _ _ _ _ _ _ _ _ _ _ _ _ _ _ _ _ _ _ _ _ _ _ _ _ _ _ _ _ _ _ _ _ _ _ _ _ _ _ _ _ _ _ _ _ _ _ _ _ _ _ _ _ _ _ _ _ _ _ _ _ _ _ _ _ _ _ _ _ _ _ _ _ _ _ _ _ _ _ _ _ _ _ _ _ _ _ _ _ _ _ _ _ \nsrc/ui/actions/user_management_actions/user_management.py:79: in navigate_to_view_details_page\n    self.navigate_to_view_details()\nsrc/ui/pages/user_management_pages/main_page.py:128: in navigate_to_view_details\n    self.view_details_btn.should(be.visible).click()\nvenv/lib/python3.10/site-packages/selene/core/entity.py:136: in should\n    self.wait.for_(condition)\nvenv/lib/python3.10/site-packages/selene/core/wait.py:143: in for_\n    return self._decorator(self)(logic)(fn)\nvenv/lib/python3.10/site-packages/selene/support/_logging.py:105: in decorated\n    return for_(fn)\n_ _ _ _ _ _ _ _ _ _ _ _ _ _ _ _ _ _ _ _ _ _ _ _ _ _ _ _ _ _ _ _ _ _ _ _ _ _ _ _ _ _ _ _ _ _ _ _ _ _ _ _ _ _ _ _ _ _ _ _ _ _ _ _ _ _ _ _ _ _ _ _ _ _ _ _ _ _ _ _ _ _ _ _ _ _ _ _ _ _ _ _ _ _ _ _ _ _ _ _ _ _ _ _ _ _ _ _ _ _ _ _ _ _ _ _ \n\nfn = <selene.core.conditions.ElementCondition object at 0x1133d9360>\n\n    def logic(fn: Callable[[E], R]) -> R:\n        finish_time = time.time() + self._timeout\n    \n        while True:\n            try:\n                return fn(self.entity)\n            except Exception as reason:\n                if time.time() > finish_time:\n                    reason_message = str(reason)\n    \n                    reason_string = '{name}: {message}'.format(\n                        name=reason.__class__.__name__,\n                        message=reason_message,\n                    )\n                    # TODO: think on how can we improve logging failures in selene, e.g. reverse msg and stacktrace\n                    # stacktrace = getattr(reason, 'stacktrace', None)\n                    timeout = self._timeout\n                    entity = self.entity\n    \n                    failure = TimeoutException(\n                        f'\\n'\n                        f'\\nTimed out after {timeout}s, while waiting for:'\n                        f'\\n{entity}.{fn}'\n                        f'\\n'\n                        f'\\nReason: {reason_string}'\n                    )\n    \n>                   raise self._hook_failure(failure)\nE                   selene.core.exceptions.TimeoutException: Message: \nE                   \nE                   Timed out after 20s, while waiting for:\nE                   browser.element(('css selector', \"button[data-testid='view-action'] p\")).is visible\nE                   \nE                   Reason: NoSuchElementException: Message: no such element: Unable to locate element: {\"method\":\"css selector\",\"selector\":\"button[data-testid='view-action'] p\"}\nE                     (Session info: chrome=120.0.6099.109); For documentation on this error, please visit: https://www.selenium.dev/documentation/webdriver/troubleshooting/errors#no-such-element-exception\nE                   Stacktrace:\nE                   0   chromedriver                        0x0000000103da1cc8 chromedriver + 4844744\nE                   1   chromedriver                        0x0000000103d99243 chromedriver + 4809283\nE                   2   chromedriver                        0x000000010396777d chromedriver + 411517\nE                   3   chromedriver                        0x00000001039b7ee0 chromedriver + 741088\nE                   4   chromedriver                        0x00000001039b8091 chromedriver + 741521\nE                   5   chromedriver                        0x0000000103a03ab4 chromedriver + 1051316\nE                   6   chromedriver                        0x00000001039e1ced chromedriver + 912621\nE                   7   chromedriver                        0x0000000103a00d42 chromedriver + 1039682\nE                   8   chromedriver                        0x00000001039e1a63 chromedriver + 911971\nE                   9   chromedriver                        0x00000001039a91b3 chromedriver + 680371\nE                   10  chromedriver                        0x00000001039aa7ce chromedriver + 686030\nE                   11  chromedriver                        0x0000000103d61642 chromedriver + 4580930\nE                   12  chromedriver                        0x0000000103d669cc chromedriver + 4602316\nE                   13  chromedriver                        0x0000000103d46e11 chromedriver + 4472337\nE                   14  chromedriver                        0x0000000103d67746 chromedriver + 4605766\nE                   15  chromedriver                        0x0000000103d3839c chromedriver + 4412316\nE                   16  chromedriver                        0x0000000103d87868 chromedriver + 4737128\nE                   17  chromedriver                        0x0000000103d87a1e chromedriver + 4737566\nE                   18  chromedriver                        0x0000000103d98e83 chromedriver + 4808323\nE                   19  libsystem_pthread.dylib             0x00007ff8132701d3 _pthread_start + 125\nE                   20  libsystem_pthread.dylib             0x00007ff81326bbd3 thread_start + 15\nE                   \nE                   Screenshot: file:///Users/olehlazeba/.selene/screenshots/1703165460399/1703165460400.png\nE                   PageSource: file:///Users/olehlazeba/.selene/screenshots/1703165460399/1703165460400.html\n\nvenv/lib/python3.10/site-packages/selene/core/wait.py:141: TimeoutException"}, "steps": [{"name": "login_as_user", "status": "passed", "steps": [{"name": "Login '1001530987' via Laborer SSO API", "status": "passed", "steps": [{"name": "[200] POST /oauth/init", "status": "passed", "attachments": [{"name": "JSON Request body", "source": "e5a20b19-e817-40f6-91ac-b3e5700b0bb8-attachment.json", "type": "application/json"}, {"name": "JSON Response body", "source": "1842c731-b16f-4745-b99d-9e191a105729-attachment.json", "type": "application/json"}], "start": 1703165792017, "stop": 1703165792019}, {"name": "Assert that status_code equals 200", "status": "passed", "start": 1703165792020, "stop": 1703165792020}, {"name": "login", "status": "passed", "steps": [{"name": "[200] POST /session/login", "status": "passed", "attachments": [{"name": "JSON Request body", "source": "fe4d586f-00a0-4471-9b11-79883f7844aa-attachment.json", "type": "application/json"}, {"name": "JSON Response body", "source": "f61c67e4-9059-4420-ad7b-84f7dd767dfe-attachment.json", "type": "application/json"}], "start": 1703165793056, "stop": 1703165793092}, {"name": "Assert that status_code equals 200", "status": "passed", "start": 1703165793093, "stop": 1703165793093}], "parameters": [{"name": "login", "value": "'1001530987'"}, {"name": "password", "value": "'123456789aA@'"}, {"name": "expected_code", "value": "200"}], "start": 1703165792021, "stop": 1703165793093}, {"name": "login_with_otp", "status": "passed", "steps": [{"name": "[200] POST /session/login-with-otp", "status": "passed", "attachments": [{"name": "JSON Request body", "source": "53c76909-421f-47a2-868e-80bbcdee20a0-attachment.json", "type": "application/json"}, {"name": "JSON Response body", "source": "8fce55c2-47d1-4bf2-b934-d07948e70ba9-attachment.json", "type": "application/json"}], "start": 1703165793655, "stop": 1703165793657}, {"name": "Assert that status_code equals 200", "status": "passed", "start": 1703165793658, "stop": 1703165793658}], "parameters": [{"name": "otp_code", "value": "'0000'"}, {"name": "expected_code", "value": "200"}], "start": 1703165793093, "stop": 1703165793658}, {"name": "[302] POST /authorize?client_id=qiwa&redirect_uri=https%3A%2F%2Fauth.qiwa.info%2Foauth%2Fcallback&response_type=code&scope=openid+email+phone+profile&code_challenge_method=S256&state=aoDIsGH7jP-Gs_1BUIPYzymHzjVARqngJXoXsoKCDts&code_challenge=DwZpRTT0UbMijPo9ciJf5PBCfUrBSlEDfvoneEz6_Bs", "status": "passed", "start": 1703165793819, "stop": 1703165793820}, {"name": "Assert that status_code equals 302", "status": "passed", "start": 1703165793826, "stop": 1703165793826}, {"name": "[200] POST /oauth/callback", "status": "passed", "attachments": [{"name": "JSON Request body", "source": "c502c81e-7e32-42d5-8d13-e8d5cbd1a02a-attachment.json", "type": "application/json"}, {"name": "JSON Response body", "source": "f1936618-e7f4-413f-a1b7-e2e87f8d7a09-attachment.json", "type": "application/json"}], "start": 1703165794757, "stop": 1703165794760}, {"name": "Assert that status_code equals 200", "status": "passed", "start": 1703165794761, "stop": 1703165794761}], "parameters": [{"name": "personal_number", "value": "'1001530987'"}, {"name": "password", "value": "'123456789aA@'"}], "start": 1703165791336, "stop": 1703165794761}], "parameters": [{"name": "personal_number", "value": "'1001530987'"}, {"name": "password", "value": "'123456789aA@'"}], "start": 1703165791334, "stop": 1703165794761}, {"name": "select_company", "status": "passed", "steps": [{"name": "select_company_with_sequence_number", "status": "passed", "steps": [{"name": "get_workspaces", "status": "passed", "steps": [{"name": "[200] GET /context/workspaces", "status": "passed", "attachments": [{"name": "JSON Response body", "source": "299263ed-01ec-4f40-afe8-84f807cd4d0f-attachment.json", "type": "application/json"}], "start": 1703165795668, "stop": 1703165795671}], "start": 1703165794761, "stop": 1703165795671}, {"name": "select_company_by_id", "status": "passed", "steps": [{"name": "[200] PATCH /context/company/12652", "status": "passed", "start": 1703165796894, "stop": 1703165796894}], "parameters": [{"name": "company_id", "value": "12652"}, {"name": "status_code", "value": "200"}], "start": 1703165795672, "stop": 1703165796895}], "parameters": [{"name": "number", "value": "1910"}], "start": 1703165794761, "stop": 1703165796895}], "parameters": [{"name": "sequence_number", "value": "1910"}], "start": 1703165794761, "stop": 1703165796895}, {"name": "[200] GET /context", "status": "passed", "attachments": [{"name": "JSON Response body", "source": "c18928b2-50e3-4763-b41a-d5da02130530-attachment.json", "type": "application/json"}], "start": 1703165797060, "stop": 1703165797062}, {"name": "Assert that status_code equals 200", "status": "passed", "start": 1703165797063, "stop": 1703165797063}, {"name": "open_user_management_page", "status": "passed", "start": 1703165797063, "stop": 1703165797871}, {"name": "element('xpath', \"//div[contains(@data-testid, 'user-table')]//tbody\"): should be visible", "status": "passed", "start": 1703165797880, "stop": 1703165816304}, {"name": "change_local", "status": "passed", "steps": [{"name": "change_local", "status": "passed", "steps": [{"name": "element('xpath', '//*[@data-component=\"Navigation\"]//p[contains(text(), \"AR\") or contains(text(), \"EN\") or contains(text(), \"Ø¹\")]'): click", "status": "passed", "start": 1703165816304, "stop": 1703165816362}, {"name": "element('xpath', '//p[contains(text(), \"English (EN)\")]'): click", "status": "passed", "start": 1703165816362, "stop": 1703165816516}], "parameters": [{"name": "language", "value": "'en'"}], "start": 1703165816304, "stop": 1703165816516}], "parameters": [{"name": "a", "value": "(<src.ui.components.header.Header object at 0x113a29cc0>, 'en')"}], "start": 1703165816304, "stop": 1703165816516}, {"name": "[200] GET /api/bff/users/1028056867/establishments?active=True", "status": "passed", "attachments": [{"name": "JSON Response body", "source": "4f9c2a54-4363-46ca-910d-f6fb2a41a251-attachment.json", "type": "application/json"}], "start": 1703165817151, "stop": 1703165817152}, {"name": "Assert that status_code equals 200", "status": "passed", "start": 1703165817152, "stop": 1703165817152}, {"name": "navigate_to_view_details_page", "status": "failed", "statusDetails": {"message": "selene.core.exceptions.TimeoutException: Message: \n\nTimed out after 20s, while waiting for:\nbrowser.element(('css selector', \"button[data-testid='view-action'] p\")).is visible\n\nReason: NoSuchElementException: Message: no such element: Unable to locate element: {\"method\":\"css selector\",\"selector\":\"button[data-testid='view-action'] p\"}\n  (Session info: chrome=120.0.6099.109); For documentation on this error, please visit: https://www.selenium.dev/documentation/webdriver/troubleshooting/errors#no-such-element-exception\nStacktrace:\n0   chromedriver                        0x0000000103da1cc8 chromedriver + 4844744\n1   chromedriver                        0x0000000103d99243 chromedriver + 4809283\n2   chromedriver                        0x000000010396777d chromedriver + 411517\n3   chromedriver                        0x00000001039b7ee0 chromedriver + 741088\n4   chromedriver                        0x00000001039b8091 chromedriver + 741521\n5   chromedriver                        0x0000000103a03ab4 chromedriver + 1051316\n6   chromedriver                        0x00000001039e1ced chromedriver + 912621\n7   chromedriver                        0x0000000103a00d42 chromedriver + 1039682\n8   chromedriver                        0x00000001039e1a63 chromedriver + 911971\n9   chromedriver                        0x00000001039a91b3 chromedriver + 680371\n10  chromedriver                        0x00000001039aa7ce chromedriver + 686030\n11  chromedriver                        0x0000000103d61642 chromedriver + 4580930\n12  chromedriver                        0x0000000103d669cc chromedriver + 4602316\n13  chromedriver                        0x0000000103d46e11 chromedriver + 4472337\n14  chromedriver                        0x0000000103d67746 chromedriver + 4605766\n15  chromedriver                        0x0000000103d3839c chromedriver + 4412316\n16  chromedriver                        0x0000000103d87868 chromedriver + 4737128\n17  chromedriver                        0x0000000103d87a1e chromedriver + 4737566\n18  chromedriver                        0x0000000103d98e83 chromedriver + 4808323\n19  libsystem_pthread.dylib             0x00007ff8132701d3 _pthread_start + 125\n20  libsystem_pthread.dylib             0x00007ff81326bbd3 thread_start + 15\n\nScreenshot: file:///Users/olehlazeba/.selene/screenshots/1703165460399/1703165460400.png\nPageSource: file:///Users/olehlazeba/.selene/screenshots/1703165460399/1703165460400.html\n\n", "trace": "  File \"/Users/olehlazeba/PycharmProjects/qiwa-automation/venv/lib/python3.10/site-packages/allure_commons/_allure.py\", line 192, in impl\n    return func(*a, **kw)\n  File \"/Users/olehlazeba/PycharmProjects/qiwa-automation/src/ui/actions/user_management_actions/user_management.py\", line 79, in navigate_to_view_details_page\n    self.navigate_to_view_details()\n  File \"/Users/olehlazeba/PycharmProjects/qiwa-automation/src/ui/pages/user_management_pages/main_page.py\", line 128, in navigate_to_view_details\n    self.view_details_btn.should(be.visible).click()\n  File \"/Users/olehlazeba/PycharmProjects/qiwa-automation/venv/lib/python3.10/site-packages/selene/core/entity.py\", line 136, in should\n    self.wait.for_(condition)\n  File \"/Users/olehlazeba/PycharmProjects/qiwa-automation/venv/lib/python3.10/site-packages/selene/core/wait.py\", line 143, in for_\n    return self._decorator(self)(logic)(fn)\n  File \"/Users/olehlazeba/PycharmProjects/qiwa-automation/venv/lib/python3.10/site-packages/selene/support/_logging.py\", line 105, in decorated\n    return for_(fn)\n  File \"/Users/olehlazeba/PycharmProjects/qiwa-automation/venv/lib/python3.10/site-packages/selene/core/wait.py\", line 141, in logic\n    raise self._hook_failure(failure)\n"}, "steps": [{"name": "element(\"[data-testid='user-table'] table\").element('tbody').all('tr').element_by(has text 1028056867).element(\"td button[data-testid='row-actions']\"): should be visible", "status": "passed", "start": 1703165817153, "stop": 1703165817237}, {"name": "element(\"[data-testid='user-table'] table\").element('tbody').all('tr').element_by(has text 1028056867).element(\"td button[data-testid='row-actions']\"): click", "status": "passed", "start": 1703165817237, "stop": 1703165818449}, {"name": "element(\"button[data-testid='view-action'] p\"): should be visible", "status": "failed", "statusDetails": {"message": "selene.core.exceptions.TimeoutException: Message: \n\nTimed out after 20s, while waiting for:\nbrowser.element(('css selector', \"button[data-testid='view-action'] p\")).is visible\n\nReason: NoSuchElementException: Message: no such element: Unable to locate element: {\"method\":\"css selector\",\"selector\":\"button[data-testid='view-action'] p\"}\n  (Session info: chrome=120.0.6099.109); For documentation on this error, please visit: https://www.selenium.dev/documentation/webdriver/troubleshooting/errors#no-such-element-exception\nStacktrace:\n0   chromedriver                        0x0000000103da1cc8 chromedriver + 4844744\n1   chromedriver                        0x0000000103d99243 chromedriver + 4809283\n2   chromedriver                        0x000000010396777d chromedriver + 411517\n3   chromedriver                        0x00000001039b7ee0 chromedriver + 741088\n4   chromedriver                        0x00000001039b8091 chromedriver + 741521\n5   chromedriver                        0x0000000103a03ab4 chromedriver + 1051316\n6   chromedriver                        0x00000001039e1ced chromedriver + 912621\n7   chromedriver                        0x0000000103a00d42 chromedriver + 1039682\n8   chromedriver                        0x00000001039e1a63 chromedriver + 911971\n9   chromedriver                        0x00000001039a91b3 chromedriver + 680371\n10  chromedriver                        0x00000001039aa7ce chromedriver + 686030\n11  chromedriver                        0x0000000103d61642 chromedriver + 4580930\n12  chromedriver                        0x0000000103d669cc chromedriver + 4602316\n13  chromedriver                        0x0000000103d46e11 chromedriver + 4472337\n14  chromedriver                        0x0000000103d67746 chromedriver + 4605766\n15  chromedriver                        0x0000000103d3839c chromedriver + 4412316\n16  chromedriver                        0x0000000103d87868 chromedriver + 4737128\n17  chromedriver                        0x0000000103d87a1e chromedriver + 4737566\n18  chromedriver                        0x0000000103d98e83 chromedriver + 4808323\n19  libsystem_pthread.dylib             0x00007ff8132701d3 _pthread_start + 125\n20  libsystem_pthread.dylib             0x00007ff81326bbd3 thread_start + 15\n\nScreenshot: file:///Users/olehlazeba/.selene/screenshots/1703165460399/1703165460400.png\nPageSource: file:///Users/olehlazeba/.selene/screenshots/1703165460399/1703165460400.html\n\n", "trace": "  File \"/Users/olehlazeba/PycharmProjects/qiwa-automation/venv/lib/python3.10/site-packages/selene/support/_logging.py\", line 105, in decorated\n    return for_(fn)\n  File \"/Users/olehlazeba/PycharmProjects/qiwa-automation/venv/lib/python3.10/site-packages/selene/core/wait.py\", line 141, in logic\n    raise self._hook_failure(failure)\n"}, "start": 1703165818450, "stop": 1703165838687}], "parameters": [{"name": "user_nid", "value": "'1028056867'"}], "start": 1703165817152, "stop": 1703165838687}], "attachments": [{"name": "2023-12-21 15:37:18.797663.png", "source": "833ce4b4-1099-460d-83eb-00a86a8c5199-attachment.png", "type": "image/png"}], "start": 1703165791333, "stop": 1703165838691, "uuid": "f7fa22c7-deb9-44d1-beb1-3932e8176f1f", "historyId": "5f2d208341b90eb1a8885ce3d1946cc6", "testCaseId": "5f2d208341b90eb1a8885ce3d1946cc6", "fullName": "tests.ui.user_management.test_user_management#test_privileges_data", "labels": [{"name": "parentSuite", "value": "tests.ui.user_management"}, {"name": "suite", "value": "test_user_management"}, {"name": "host", "value": "Macbook-Pro-Flora.local"}, {"name": "thread", "value": "54235-MainThread"}, {"name": "framework", "value": "pytest"}, {"name": "language", "value": "cpython3"}, {"name": "package", "value": "tests.ui.user_management.test_user_management"}], "links": [{"type": "tms", "url": "https://qiwa.testmo.net/repositories/26?case_id=165303", "name": "Testmo test case (165303)"}, {"type": "tms", "url": "https://qiwa.testmo.net/repositories/26?case_id=7922", "name": "Testmo test case (7922)"}, {"type": "tms", "url": "https://qiwa.testmo.net/repositories/26?case_id=7923", "name": "Testmo test case (7923)"}]}